!SESSION 2017-01-21 18:44:54.408 -----------------------------------------------
eclipse.buildId=4.6.2.M20161124-1400
java.version=1.8.0_121
java.vendor=Oracle Corporation
BootLoader constants: OS=macosx, ARCH=x86_64, WS=cocoa, NL=en_US
Framework arguments:  -product org.eclipse.epp.package.java.product
Command-line arguments:  -os macosx -ws cocoa -arch x86_64 -product org.eclipse.epp.package.java.product

!ENTRY org.eclipse.core.net 1 0 2017-01-21 18:46:07.310
!MESSAGE System property http.nonProxyHosts has been set to local|*.local|169.254/16|*.169.254/16 by an external source. This value will be overwritten using the values from the preferences
!SESSION 2017-04-15 12:42:24.143 -----------------------------------------------
eclipse.buildId=4.6.2.M20161124-1400
java.version=1.8.0_121
java.vendor=Oracle Corporation
BootLoader constants: OS=macosx, ARCH=x86_64, WS=cocoa, NL=en_US
Framework arguments:  -product org.eclipse.epp.package.java.product -keyring /Users/roshan/.eclipse_keyring
Command-line arguments:  -os macosx -ws cocoa -arch x86_64 -product org.eclipse.epp.package.java.product -keyring /Users/roshan/.eclipse_keyring

!ENTRY org.eclipse.launchbar.core 2 0 2017-04-15 13:11:11.240
!MESSAGE Enablement expression is missing for config provider for org.eclipse.cdt.arduino.core.descriptorType

!ENTRY org.eclipse.launchbar.core 2 0 2017-04-15 13:11:11.257
!MESSAGE Enablement expression is missing for descriptor type org.eclipse.cdt.debug.core.coreBuildDescriptorType

!ENTRY org.eclipse.launchbar.core 2 0 2017-04-15 13:11:11.265
!MESSAGE Enablement expression is missing for config provider for org.eclipse.cdt.debug.core.coreBuildDescriptorType

!ENTRY org.eclipse.core.net 1 0 2017-04-15 13:11:17.560
!MESSAGE System property http.nonProxyHosts has been set to local|*.local|169.254/16|*.169.254/16 by an external source. This value will be overwritten using the values from the preferences
!SESSION 2017-04-15 13:18:20.925 -----------------------------------------------
eclipse.buildId=4.6.2.M20161124-1400
java.version=1.8.0_121
java.vendor=Oracle Corporation
BootLoader constants: OS=macosx, ARCH=x86_64, WS=cocoa, NL=en_US
Framework arguments:  -product org.eclipse.epp.package.java.product -product org.eclipse.epp.package.java.product -keyring /Users/roshan/.eclipse_keyring
Command-line arguments:  -os macosx -ws cocoa -arch x86_64 -product org.eclipse.epp.package.java.product -data file:/Users/roshan/selenium/workspace/ -product org.eclipse.epp.package.java.product -keyring /Users/roshan/.eclipse_keyring

!ENTRY org.eclipse.launchbar.core 2 0 2017-04-15 13:18:28.152
!MESSAGE Enablement expression is missing for config provider for org.eclipse.cdt.arduino.core.descriptorType

!ENTRY org.eclipse.launchbar.core 2 0 2017-04-15 13:18:28.154
!MESSAGE Enablement expression is missing for descriptor type org.eclipse.cdt.debug.core.coreBuildDescriptorType

!ENTRY org.eclipse.launchbar.core 2 0 2017-04-15 13:18:28.154
!MESSAGE Enablement expression is missing for config provider for org.eclipse.cdt.debug.core.coreBuildDescriptorType

!ENTRY org.eclipse.core.net 1 0 2017-04-15 13:18:30.450
!MESSAGE System property http.nonProxyHosts has been set to local|*.local|169.254/16|*.169.254/16 by an external source. This value will be overwritten using the values from the preferences
!SESSION 2017-04-15 13:40:39.800 -----------------------------------------------
eclipse.buildId=4.6.2.M20161124-1400
java.version=1.8.0_121
java.vendor=Oracle Corporation
BootLoader constants: OS=macosx, ARCH=x86_64, WS=cocoa, NL=en_US
Framework arguments:  -product org.eclipse.epp.package.java.product -keyring /Users/roshan/.eclipse_keyring
Command-line arguments:  -os macosx -ws cocoa -arch x86_64 -product org.eclipse.epp.package.java.product -keyring /Users/roshan/.eclipse_keyring

!ENTRY org.eclipse.launchbar.core 2 0 2017-04-15 13:40:52.498
!MESSAGE Enablement expression is missing for config provider for org.eclipse.cdt.arduino.core.descriptorType

!ENTRY org.eclipse.launchbar.core 2 0 2017-04-15 13:40:52.499
!MESSAGE Enablement expression is missing for descriptor type org.eclipse.cdt.debug.core.coreBuildDescriptorType

!ENTRY org.eclipse.launchbar.core 2 0 2017-04-15 13:40:52.500
!MESSAGE Enablement expression is missing for config provider for org.eclipse.cdt.debug.core.coreBuildDescriptorType

!ENTRY org.eclipse.core.net 1 0 2017-04-15 13:40:56.721
!MESSAGE System property http.nonProxyHosts has been set to local|*.local|169.254/16|*.169.254/16 by an external source. This value will be overwritten using the values from the preferences

!ENTRY org.eclipse.equinox.p2.metadata.repository 4 1000 2017-04-15 14:02:12.884
!MESSAGE No repository found at http://testng.org/doc/download.html.

!ENTRY org.eclipse.equinox.p2.core 4 0 2017-04-16 22:19:56.230
!MESSAGE Provisioning exception
!STACK 1
org.eclipse.equinox.p2.core.ProvisionException: No repository found at http://testng.org/doc/download.html.
	at org.eclipse.equinox.internal.p2.repository.helpers.AbstractRepositoryManager.fail(AbstractRepositoryManager.java:395)
	at sun.reflect.NativeMethodAccessorImpl.invoke0(Native Method)
	at sun.reflect.NativeMethodAccessorImpl.invoke(NativeMethodAccessorImpl.java:62)
	at sun.reflect.DelegatingMethodAccessorImpl.invoke(DelegatingMethodAccessorImpl.java:43)
	at java.lang.reflect.Method.invoke(Method.java:498)
	at org.eclipse.oomph.util.ReflectUtil.invokeMethod(ReflectUtil.java:117)
	at org.eclipse.oomph.p2.internal.core.CachingRepositoryManager.fail(CachingRepositoryManager.java:333)
	at org.eclipse.oomph.p2.internal.core.CachingRepositoryManager.loadRepository(CachingRepositoryManager.java:236)
	at org.eclipse.oomph.p2.internal.core.CachingRepositoryManager$Metadata.loadRepository(CachingRepositoryManager.java:456)
	at org.eclipse.equinox.internal.p2.metadata.repository.MetadataRepositoryManager.loadRepository(MetadataRepositoryManager.java:96)
	at org.eclipse.equinox.internal.p2.metadata.repository.MetadataRepositoryManager.loadRepository(MetadataRepositoryManager.java:92)
	at org.eclipse.equinox.p2.ui.LoadMetadataRepositoryJob.doLoad(LoadMetadataRepositoryJob.java:117)
	at org.eclipse.equinox.p2.ui.LoadMetadataRepositoryJob.runModal(LoadMetadataRepositoryJob.java:102)
	at org.eclipse.equinox.internal.p2.ui.sdk.PreloadingRepositoryHandler$2.runModal(PreloadingRepositoryHandler.java:83)
	at org.eclipse.equinox.p2.operations.ProvisioningJob.run(ProvisioningJob.java:177)
	at org.eclipse.core.internal.jobs.Worker.run(Worker.java:55)
!SUBENTRY 1 org.eclipse.equinox.p2.metadata.repository 4 1000 2017-04-16 22:19:56.232
!MESSAGE No repository found at http://testng.org/doc/download.html.

!ENTRY org.testng.eclipse 1 0 2017-04-16 22:48:45.735
!MESSAGE [TestNGLaunchConfigurationDelegate] Launching:
  Classpath: /Users/roshan/.p2/pool/plugins/org.testng.eclipse_6.11.0.201703011520/lib/testng-remote.jar /Users/roshan/selenium/workspace/seleniumtest/bin /Users/roshan/Downloads/selenium-java-3.0.1/client-combined-3.0.1-nodeps.jar /Users/roshan/Downloads/selenium-java-3.0.1/lib/cglib-nodep-3.2.4.jar /Users/roshan/Downloads/selenium-java-3.0.1/lib/commons-codec-1.10.jar /Users/roshan/Downloads/selenium-java-3.0.1/lib/commons-exec-1.3.jar /Users/roshan/Downloads/selenium-java-3.0.1/lib/commons-io-2.5.jar /Users/roshan/Downloads/selenium-java-3.0.1/lib/commons-lang3-3.4.jar /Users/roshan/Downloads/selenium-java-3.0.1/lib/commons-logging-1.2.jar /Users/roshan/Downloads/selenium-java-3.0.1/lib/cssparser-0.9.20.jar /Users/roshan/Downloads/selenium-java-3.0.1/lib/gson-2.3.1.jar /Users/roshan/Downloads/selenium-java-3.0.1/lib/guava-19.0.jar /Users/roshan/Downloads/selenium-java-3.0.1/lib/hamcrest-core-1.3.jar /Users/roshan/Downloads/selenium-java-3.0.1/lib/hamcrest-library-1.3.jar /Users/roshan/Downloads/selenium-java-3.0.1/lib/htmlunit-2.23.jar /Users/roshan/Downloads/selenium-java-3.0.1/lib/htmlunit-core-js-2.23.jar /Users/roshan/Downloads/selenium-java-3.0.1/lib/httpclient-4.5.2.jar /Users/roshan/Downloads/selenium-java-3.0.1/lib/httpcore-4.4.4.jar /Users/roshan/Downloads/selenium-java-3.0.1/lib/httpmime-4.5.2.jar /Users/roshan/Downloads/selenium-java-3.0.1/lib/javax.servlet-api-3.1.0.jar /Users/roshan/Downloads/selenium-java-3.0.1/lib/jetty-io-9.2.13.v20150730.jar /Users/roshan/Downloads/selenium-java-3.0.1/lib/jetty-util-9.2.13.v20150730.jar /Users/roshan/Downloads/selenium-java-3.0.1/lib/jna-4.1.0.jar /Users/roshan/Downloads/selenium-java-3.0.1/lib/jna-platform-4.1.0.jar /Users/roshan/Downloads/selenium-java-3.0.1/lib/junit-4.12.jar /Users/roshan/Downloads/selenium-java-3.0.1/lib/neko-htmlunit-2.23.jar /Users/roshan/Downloads/selenium-java-3.0.1/lib/netty-3.5.7.Final.jar /Users/roshan/Downloads/selenium-java-3.0.1/lib/phantomjsdriver-1.3.0.jar /Users/roshan/Downloads/selenium-java-3.0.1/lib/sac-1.3.jar /Users/roshan/Downloads/selenium-java-3.0.1/lib/serializer-2.7.2.jar /Users/roshan/Downloads/selenium-java-3.0.1/lib/websocket-api-9.2.15.v20160210.jar /Users/roshan/Downloads/selenium-java-3.0.1/lib/websocket-client-9.2.15.v20160210.jar /Users/roshan/Downloads/selenium-java-3.0.1/lib/websocket-common-9.2.15.v20160210.jar /Users/roshan/Downloads/selenium-java-3.0.1/lib/xalan-2.7.2.jar /Users/roshan/Downloads/selenium-java-3.0.1/lib/xercesImpl-2.11.0.jar /Users/roshan/Downloads/selenium-java-3.0.1/lib/xml-apis-1.4.01.jar /Users/roshan/testng/build/libs/testng-6.11.1-SNAPSHOT.jar
  VMArgs:    -ea
  Class:     org.testng.remote.RemoteTestNG
  Args:      -serport 51031 -protocol json -d /Users/roshan/selenium/workspace/seleniumtest/test-output /var/folders/gw/41kzy60d2nsc_jff874kp1mm0000gn/T/testng-eclipse-1073774846/testng-customsuite.xml
java -ea -classpath /Users/roshan/.p2/pool/plugins/org.testng.eclipse_6.11.0.201703011520/lib/testng-remote.jar:/Users/roshan/selenium/workspace/seleniumtest/bin:/Users/roshan/Downloads/selenium-java-3.0.1/client-combined-3.0.1-nodeps.jar:/Users/roshan/Downloads/selenium-java-3.0.1/lib/cglib-nodep-3.2.4.jar:/Users/roshan/Downloads/selenium-java-3.0.1/lib/commons-codec-1.10.jar:/Users/roshan/Downloads/selenium-java-3.0.1/lib/commons-exec-1.3.jar:/Users/roshan/Downloads/selenium-java-3.0.1/lib/commons-io-2.5.jar:/Users/roshan/Downloads/selenium-java-3.0.1/lib/commons-lang3-3.4.jar:/Users/roshan/Downloads/selenium-java-3.0.1/lib/commons-logging-1.2.jar:/Users/roshan/Downloads/selenium-java-3.0.1/lib/cssparser-0.9.20.jar:/Users/roshan/Downloads/selenium-java-3.0.1/lib/gson-2.3.1.jar:/Users/roshan/Downloads/selenium-java-3.0.1/lib/guava-19.0.jar:/Users/roshan/Downloads/selenium-java-3.0.1/lib/hamcrest-core-1.3.jar:/Users/roshan/Downloads/selenium-java-3.0.1/lib/hamcrest-library-1.3.jar:/Users/roshan/Downloads/selenium-java-3.0.1/lib/htmlunit-2.23.jar:/Users/roshan/Downloads/selenium-java-3.0.1/lib/htmlunit-core-js-2.23.jar:/Users/roshan/Downloads/selenium-java-3.0.1/lib/httpclient-4.5.2.jar:/Users/roshan/Downloads/selenium-java-3.0.1/lib/httpcore-4.4.4.jar:/Users/roshan/Downloads/selenium-java-3.0.1/lib/httpmime-4.5.2.jar:/Users/roshan/Downloads/selenium-java-3.0.1/lib/javax.servlet-api-3.1.0.jar:/Users/roshan/Downloads/selenium-java-3.0.1/lib/jetty-io-9.2.13.v20150730.jar:/Users/roshan/Downloads/selenium-java-3.0.1/lib/jetty-util-9.2.13.v20150730.jar:/Users/roshan/Downloads/selenium-java-3.0.1/lib/jna-4.1.0.jar:/Users/roshan/Downloads/selenium-java-3.0.1/lib/jna-platform-4.1.0.jar:/Users/roshan/Downloads/selenium-java-3.0.1/lib/junit-4.12.jar:/Users/roshan/Downloads/selenium-java-3.0.1/lib/neko-htmlunit-2.23.jar:/Users/roshan/Downloads/selenium-java-3.0.1/lib/netty-3.5.7.Final.jar:/Users/roshan/Downloads/selenium-java-3.0.1/lib/phantomjsdriver-1.3.0.jar:/Users/roshan/Downloads/selenium-java-3.0.1/lib/sac-1.3.jar:/Users/roshan/Downloads/selenium-java-3.0.1/lib/serializer-2.7.2.jar:/Users/roshan/Downloads/selenium-java-3.0.1/lib/websocket-api-9.2.15.v20160210.jar:/Users/roshan/Downloads/selenium-java-3.0.1/lib/websocket-client-9.2.15.v20160210.jar:/Users/roshan/Downloads/selenium-java-3.0.1/lib/websocket-common-9.2.15.v20160210.jar:/Users/roshan/Downloads/selenium-java-3.0.1/lib/xalan-2.7.2.jar:/Users/roshan/Downloads/selenium-java-3.0.1/lib/xercesImpl-2.11.0.jar:/Users/roshan/Downloads/selenium-java-3.0.1/lib/xml-apis-1.4.01.jar:/Users/roshan/testng/build/libs/testng-6.11.1-SNAPSHOT.jar org.testng.remote.RemoteTestNG -serport 51031 -protocol json -d /Users/roshan/selenium/workspace/seleniumtest/test-output /var/folders/gw/41kzy60d2nsc_jff874kp1mm0000gn/T/testng-eclipse-1073774846/testng-customsuite.xml

!ENTRY org.testng.eclipse 1 0 2017-04-16 23:15:29.015
!MESSAGE [TestNGLaunchConfigurationDelegate] Launching:
  Classpath: /Users/roshan/.p2/pool/plugins/org.testng.eclipse_6.11.0.201703011520/lib/testng-remote.jar /Users/roshan/selenium/workspace/seleniumtest/bin /Users/roshan/Downloads/selenium-java-3.0.1/client-combined-3.0.1-nodeps.jar /Users/roshan/Downloads/selenium-java-3.0.1/lib/cglib-nodep-3.2.4.jar /Users/roshan/Downloads/selenium-java-3.0.1/lib/commons-codec-1.10.jar /Users/roshan/Downloads/selenium-java-3.0.1/lib/commons-exec-1.3.jar /Users/roshan/Downloads/selenium-java-3.0.1/lib/commons-io-2.5.jar /Users/roshan/Downloads/selenium-java-3.0.1/lib/commons-lang3-3.4.jar /Users/roshan/Downloads/selenium-java-3.0.1/lib/commons-logging-1.2.jar /Users/roshan/Downloads/selenium-java-3.0.1/lib/cssparser-0.9.20.jar /Users/roshan/Downloads/selenium-java-3.0.1/lib/gson-2.3.1.jar /Users/roshan/Downloads/selenium-java-3.0.1/lib/guava-19.0.jar /Users/roshan/Downloads/selenium-java-3.0.1/lib/hamcrest-core-1.3.jar /Users/roshan/Downloads/selenium-java-3.0.1/lib/hamcrest-library-1.3.jar /Users/roshan/Downloads/selenium-java-3.0.1/lib/htmlunit-2.23.jar /Users/roshan/Downloads/selenium-java-3.0.1/lib/htmlunit-core-js-2.23.jar /Users/roshan/Downloads/selenium-java-3.0.1/lib/httpclient-4.5.2.jar /Users/roshan/Downloads/selenium-java-3.0.1/lib/httpcore-4.4.4.jar /Users/roshan/Downloads/selenium-java-3.0.1/lib/httpmime-4.5.2.jar /Users/roshan/Downloads/selenium-java-3.0.1/lib/javax.servlet-api-3.1.0.jar /Users/roshan/Downloads/selenium-java-3.0.1/lib/jetty-io-9.2.13.v20150730.jar /Users/roshan/Downloads/selenium-java-3.0.1/lib/jetty-util-9.2.13.v20150730.jar /Users/roshan/Downloads/selenium-java-3.0.1/lib/jna-4.1.0.jar /Users/roshan/Downloads/selenium-java-3.0.1/lib/jna-platform-4.1.0.jar /Users/roshan/Downloads/selenium-java-3.0.1/lib/junit-4.12.jar /Users/roshan/Downloads/selenium-java-3.0.1/lib/neko-htmlunit-2.23.jar /Users/roshan/Downloads/selenium-java-3.0.1/lib/netty-3.5.7.Final.jar /Users/roshan/Downloads/selenium-java-3.0.1/lib/phantomjsdriver-1.3.0.jar /Users/roshan/Downloads/selenium-java-3.0.1/lib/sac-1.3.jar /Users/roshan/Downloads/selenium-java-3.0.1/lib/serializer-2.7.2.jar /Users/roshan/Downloads/selenium-java-3.0.1/lib/websocket-api-9.2.15.v20160210.jar /Users/roshan/Downloads/selenium-java-3.0.1/lib/websocket-client-9.2.15.v20160210.jar /Users/roshan/Downloads/selenium-java-3.0.1/lib/websocket-common-9.2.15.v20160210.jar /Users/roshan/Downloads/selenium-java-3.0.1/lib/xalan-2.7.2.jar /Users/roshan/Downloads/selenium-java-3.0.1/lib/xercesImpl-2.11.0.jar /Users/roshan/Downloads/selenium-java-3.0.1/lib/xml-apis-1.4.01.jar /Users/roshan/testng/build/libs/testng-6.11.1-SNAPSHOT.jar /Users/roshan/jcommander/kobaltBuild/libs/jcommander-1.68.jar
  VMArgs:    -ea
  Class:     org.testng.remote.RemoteTestNG
  Args:      -serport 56422 -protocol json -d /Users/roshan/selenium/workspace/seleniumtest/test-output /var/folders/gw/41kzy60d2nsc_jff874kp1mm0000gn/T/testng-eclipse-1105980430/testng-customsuite.xml
java -ea -classpath /Users/roshan/.p2/pool/plugins/org.testng.eclipse_6.11.0.201703011520/lib/testng-remote.jar:/Users/roshan/selenium/workspace/seleniumtest/bin:/Users/roshan/Downloads/selenium-java-3.0.1/client-combined-3.0.1-nodeps.jar:/Users/roshan/Downloads/selenium-java-3.0.1/lib/cglib-nodep-3.2.4.jar:/Users/roshan/Downloads/selenium-java-3.0.1/lib/commons-codec-1.10.jar:/Users/roshan/Downloads/selenium-java-3.0.1/lib/commons-exec-1.3.jar:/Users/roshan/Downloads/selenium-java-3.0.1/lib/commons-io-2.5.jar:/Users/roshan/Downloads/selenium-java-3.0.1/lib/commons-lang3-3.4.jar:/Users/roshan/Downloads/selenium-java-3.0.1/lib/commons-logging-1.2.jar:/Users/roshan/Downloads/selenium-java-3.0.1/lib/cssparser-0.9.20.jar:/Users/roshan/Downloads/selenium-java-3.0.1/lib/gson-2.3.1.jar:/Users/roshan/Downloads/selenium-java-3.0.1/lib/guava-19.0.jar:/Users/roshan/Downloads/selenium-java-3.0.1/lib/hamcrest-core-1.3.jar:/Users/roshan/Downloads/selenium-java-3.0.1/lib/hamcrest-library-1.3.jar:/Users/roshan/Downloads/selenium-java-3.0.1/lib/htmlunit-2.23.jar:/Users/roshan/Downloads/selenium-java-3.0.1/lib/htmlunit-core-js-2.23.jar:/Users/roshan/Downloads/selenium-java-3.0.1/lib/httpclient-4.5.2.jar:/Users/roshan/Downloads/selenium-java-3.0.1/lib/httpcore-4.4.4.jar:/Users/roshan/Downloads/selenium-java-3.0.1/lib/httpmime-4.5.2.jar:/Users/roshan/Downloads/selenium-java-3.0.1/lib/javax.servlet-api-3.1.0.jar:/Users/roshan/Downloads/selenium-java-3.0.1/lib/jetty-io-9.2.13.v20150730.jar:/Users/roshan/Downloads/selenium-java-3.0.1/lib/jetty-util-9.2.13.v20150730.jar:/Users/roshan/Downloads/selenium-java-3.0.1/lib/jna-4.1.0.jar:/Users/roshan/Downloads/selenium-java-3.0.1/lib/jna-platform-4.1.0.jar:/Users/roshan/Downloads/selenium-java-3.0.1/lib/junit-4.12.jar:/Users/roshan/Downloads/selenium-java-3.0.1/lib/neko-htmlunit-2.23.jar:/Users/roshan/Downloads/selenium-java-3.0.1/lib/netty-3.5.7.Final.jar:/Users/roshan/Downloads/selenium-java-3.0.1/lib/phantomjsdriver-1.3.0.jar:/Users/roshan/Downloads/selenium-java-3.0.1/lib/sac-1.3.jar:/Users/roshan/Downloads/selenium-java-3.0.1/lib/serializer-2.7.2.jar:/Users/roshan/Downloads/selenium-java-3.0.1/lib/websocket-api-9.2.15.v20160210.jar:/Users/roshan/Downloads/selenium-java-3.0.1/lib/websocket-client-9.2.15.v20160210.jar:/Users/roshan/Downloads/selenium-java-3.0.1/lib/websocket-common-9.2.15.v20160210.jar:/Users/roshan/Downloads/selenium-java-3.0.1/lib/xalan-2.7.2.jar:/Users/roshan/Downloads/selenium-java-3.0.1/lib/xercesImpl-2.11.0.jar:/Users/roshan/Downloads/selenium-java-3.0.1/lib/xml-apis-1.4.01.jar:/Users/roshan/testng/build/libs/testng-6.11.1-SNAPSHOT.jar:/Users/roshan/jcommander/kobaltBuild/libs/jcommander-1.68.jar org.testng.remote.RemoteTestNG -serport 56422 -protocol json -d /Users/roshan/selenium/workspace/seleniumtest/test-output /var/folders/gw/41kzy60d2nsc_jff874kp1mm0000gn/T/testng-eclipse-1105980430/testng-customsuite.xml

!ENTRY org.testng.eclipse 1 0 2017-04-16 23:16:42.911
!MESSAGE [TestNGLaunchConfigurationDelegate] Launching:
  Classpath: /Users/roshan/.p2/pool/plugins/org.testng.eclipse_6.11.0.201703011520/lib/testng-remote.jar /Users/roshan/selenium/workspace/seleniumtest/bin /Users/roshan/Downloads/selenium-java-3.0.1/client-combined-3.0.1-nodeps.jar /Users/roshan/Downloads/selenium-java-3.0.1/lib/cglib-nodep-3.2.4.jar /Users/roshan/Downloads/selenium-java-3.0.1/lib/commons-codec-1.10.jar /Users/roshan/Downloads/selenium-java-3.0.1/lib/commons-exec-1.3.jar /Users/roshan/Downloads/selenium-java-3.0.1/lib/commons-io-2.5.jar /Users/roshan/Downloads/selenium-java-3.0.1/lib/commons-lang3-3.4.jar /Users/roshan/Downloads/selenium-java-3.0.1/lib/commons-logging-1.2.jar /Users/roshan/Downloads/selenium-java-3.0.1/lib/cssparser-0.9.20.jar /Users/roshan/Downloads/selenium-java-3.0.1/lib/gson-2.3.1.jar /Users/roshan/Downloads/selenium-java-3.0.1/lib/guava-19.0.jar /Users/roshan/Downloads/selenium-java-3.0.1/lib/hamcrest-core-1.3.jar /Users/roshan/Downloads/selenium-java-3.0.1/lib/hamcrest-library-1.3.jar /Users/roshan/Downloads/selenium-java-3.0.1/lib/htmlunit-2.23.jar /Users/roshan/Downloads/selenium-java-3.0.1/lib/htmlunit-core-js-2.23.jar /Users/roshan/Downloads/selenium-java-3.0.1/lib/httpclient-4.5.2.jar /Users/roshan/Downloads/selenium-java-3.0.1/lib/httpcore-4.4.4.jar /Users/roshan/Downloads/selenium-java-3.0.1/lib/httpmime-4.5.2.jar /Users/roshan/Downloads/selenium-java-3.0.1/lib/javax.servlet-api-3.1.0.jar /Users/roshan/Downloads/selenium-java-3.0.1/lib/jetty-io-9.2.13.v20150730.jar /Users/roshan/Downloads/selenium-java-3.0.1/lib/jetty-util-9.2.13.v20150730.jar /Users/roshan/Downloads/selenium-java-3.0.1/lib/jna-4.1.0.jar /Users/roshan/Downloads/selenium-java-3.0.1/lib/jna-platform-4.1.0.jar /Users/roshan/Downloads/selenium-java-3.0.1/lib/junit-4.12.jar /Users/roshan/Downloads/selenium-java-3.0.1/lib/neko-htmlunit-2.23.jar /Users/roshan/Downloads/selenium-java-3.0.1/lib/netty-3.5.7.Final.jar /Users/roshan/Downloads/selenium-java-3.0.1/lib/phantomjsdriver-1.3.0.jar /Users/roshan/Downloads/selenium-java-3.0.1/lib/sac-1.3.jar /Users/roshan/Downloads/selenium-java-3.0.1/lib/serializer-2.7.2.jar /Users/roshan/Downloads/selenium-java-3.0.1/lib/websocket-api-9.2.15.v20160210.jar /Users/roshan/Downloads/selenium-java-3.0.1/lib/websocket-client-9.2.15.v20160210.jar /Users/roshan/Downloads/selenium-java-3.0.1/lib/websocket-common-9.2.15.v20160210.jar /Users/roshan/Downloads/selenium-java-3.0.1/lib/xalan-2.7.2.jar /Users/roshan/Downloads/selenium-java-3.0.1/lib/xercesImpl-2.11.0.jar /Users/roshan/Downloads/selenium-java-3.0.1/lib/xml-apis-1.4.01.jar /Users/roshan/testng/build/libs/testng-6.11.1-SNAPSHOT.jar /Users/roshan/jcommander/kobaltBuild/libs/jcommander-1.68.jar
  VMArgs:    -ea
  Class:     org.testng.remote.RemoteTestNG
  Args:      -serport 56669 -protocol json -d /Users/roshan/selenium/workspace/seleniumtest/test-output /var/folders/gw/41kzy60d2nsc_jff874kp1mm0000gn/T/testng-eclipse-998574191/testng-customsuite.xml
java -ea -classpath /Users/roshan/.p2/pool/plugins/org.testng.eclipse_6.11.0.201703011520/lib/testng-remote.jar:/Users/roshan/selenium/workspace/seleniumtest/bin:/Users/roshan/Downloads/selenium-java-3.0.1/client-combined-3.0.1-nodeps.jar:/Users/roshan/Downloads/selenium-java-3.0.1/lib/cglib-nodep-3.2.4.jar:/Users/roshan/Downloads/selenium-java-3.0.1/lib/commons-codec-1.10.jar:/Users/roshan/Downloads/selenium-java-3.0.1/lib/commons-exec-1.3.jar:/Users/roshan/Downloads/selenium-java-3.0.1/lib/commons-io-2.5.jar:/Users/roshan/Downloads/selenium-java-3.0.1/lib/commons-lang3-3.4.jar:/Users/roshan/Downloads/selenium-java-3.0.1/lib/commons-logging-1.2.jar:/Users/roshan/Downloads/selenium-java-3.0.1/lib/cssparser-0.9.20.jar:/Users/roshan/Downloads/selenium-java-3.0.1/lib/gson-2.3.1.jar:/Users/roshan/Downloads/selenium-java-3.0.1/lib/guava-19.0.jar:/Users/roshan/Downloads/selenium-java-3.0.1/lib/hamcrest-core-1.3.jar:/Users/roshan/Downloads/selenium-java-3.0.1/lib/hamcrest-library-1.3.jar:/Users/roshan/Downloads/selenium-java-3.0.1/lib/htmlunit-2.23.jar:/Users/roshan/Downloads/selenium-java-3.0.1/lib/htmlunit-core-js-2.23.jar:/Users/roshan/Downloads/selenium-java-3.0.1/lib/httpclient-4.5.2.jar:/Users/roshan/Downloads/selenium-java-3.0.1/lib/httpcore-4.4.4.jar:/Users/roshan/Downloads/selenium-java-3.0.1/lib/httpmime-4.5.2.jar:/Users/roshan/Downloads/selenium-java-3.0.1/lib/javax.servlet-api-3.1.0.jar:/Users/roshan/Downloads/selenium-java-3.0.1/lib/jetty-io-9.2.13.v20150730.jar:/Users/roshan/Downloads/selenium-java-3.0.1/lib/jetty-util-9.2.13.v20150730.jar:/Users/roshan/Downloads/selenium-java-3.0.1/lib/jna-4.1.0.jar:/Users/roshan/Downloads/selenium-java-3.0.1/lib/jna-platform-4.1.0.jar:/Users/roshan/Downloads/selenium-java-3.0.1/lib/junit-4.12.jar:/Users/roshan/Downloads/selenium-java-3.0.1/lib/neko-htmlunit-2.23.jar:/Users/roshan/Downloads/selenium-java-3.0.1/lib/netty-3.5.7.Final.jar:/Users/roshan/Downloads/selenium-java-3.0.1/lib/phantomjsdriver-1.3.0.jar:/Users/roshan/Downloads/selenium-java-3.0.1/lib/sac-1.3.jar:/Users/roshan/Downloads/selenium-java-3.0.1/lib/serializer-2.7.2.jar:/Users/roshan/Downloads/selenium-java-3.0.1/lib/websocket-api-9.2.15.v20160210.jar:/Users/roshan/Downloads/selenium-java-3.0.1/lib/websocket-client-9.2.15.v20160210.jar:/Users/roshan/Downloads/selenium-java-3.0.1/lib/websocket-common-9.2.15.v20160210.jar:/Users/roshan/Downloads/selenium-java-3.0.1/lib/xalan-2.7.2.jar:/Users/roshan/Downloads/selenium-java-3.0.1/lib/xercesImpl-2.11.0.jar:/Users/roshan/Downloads/selenium-java-3.0.1/lib/xml-apis-1.4.01.jar:/Users/roshan/testng/build/libs/testng-6.11.1-SNAPSHOT.jar:/Users/roshan/jcommander/kobaltBuild/libs/jcommander-1.68.jar org.testng.remote.RemoteTestNG -serport 56669 -protocol json -d /Users/roshan/selenium/workspace/seleniumtest/test-output /var/folders/gw/41kzy60d2nsc_jff874kp1mm0000gn/T/testng-eclipse-998574191/testng-customsuite.xml

!ENTRY org.testng.eclipse 1 0 2017-04-17 21:33:38.241
!MESSAGE [TestNGLaunchConfigurationDelegate] Launching:
  Classpath: /Users/roshan/.p2/pool/plugins/org.testng.eclipse_6.11.0.201703011520/lib/testng-remote.jar /Users/roshan/selenium/workspace/seleniumtest/bin /Users/roshan/Downloads/selenium-java-3.0.1/client-combined-3.0.1-nodeps.jar /Users/roshan/Downloads/selenium-java-3.0.1/lib/cglib-nodep-3.2.4.jar /Users/roshan/Downloads/selenium-java-3.0.1/lib/commons-codec-1.10.jar /Users/roshan/Downloads/selenium-java-3.0.1/lib/commons-exec-1.3.jar /Users/roshan/Downloads/selenium-java-3.0.1/lib/commons-io-2.5.jar /Users/roshan/Downloads/selenium-java-3.0.1/lib/commons-lang3-3.4.jar /Users/roshan/Downloads/selenium-java-3.0.1/lib/commons-logging-1.2.jar /Users/roshan/Downloads/selenium-java-3.0.1/lib/cssparser-0.9.20.jar /Users/roshan/Downloads/selenium-java-3.0.1/lib/gson-2.3.1.jar /Users/roshan/Downloads/selenium-java-3.0.1/lib/guava-19.0.jar /Users/roshan/Downloads/selenium-java-3.0.1/lib/hamcrest-core-1.3.jar /Users/roshan/Downloads/selenium-java-3.0.1/lib/hamcrest-library-1.3.jar /Users/roshan/Downloads/selenium-java-3.0.1/lib/htmlunit-2.23.jar /Users/roshan/Downloads/selenium-java-3.0.1/lib/htmlunit-core-js-2.23.jar /Users/roshan/Downloads/selenium-java-3.0.1/lib/httpclient-4.5.2.jar /Users/roshan/Downloads/selenium-java-3.0.1/lib/httpcore-4.4.4.jar /Users/roshan/Downloads/selenium-java-3.0.1/lib/httpmime-4.5.2.jar /Users/roshan/Downloads/selenium-java-3.0.1/lib/javax.servlet-api-3.1.0.jar /Users/roshan/Downloads/selenium-java-3.0.1/lib/jetty-io-9.2.13.v20150730.jar /Users/roshan/Downloads/selenium-java-3.0.1/lib/jetty-util-9.2.13.v20150730.jar /Users/roshan/Downloads/selenium-java-3.0.1/lib/jna-4.1.0.jar /Users/roshan/Downloads/selenium-java-3.0.1/lib/jna-platform-4.1.0.jar /Users/roshan/Downloads/selenium-java-3.0.1/lib/junit-4.12.jar /Users/roshan/Downloads/selenium-java-3.0.1/lib/neko-htmlunit-2.23.jar /Users/roshan/Downloads/selenium-java-3.0.1/lib/netty-3.5.7.Final.jar /Users/roshan/Downloads/selenium-java-3.0.1/lib/phantomjsdriver-1.3.0.jar /Users/roshan/Downloads/selenium-java-3.0.1/lib/sac-1.3.jar /Users/roshan/Downloads/selenium-java-3.0.1/lib/serializer-2.7.2.jar /Users/roshan/Downloads/selenium-java-3.0.1/lib/websocket-api-9.2.15.v20160210.jar /Users/roshan/Downloads/selenium-java-3.0.1/lib/websocket-client-9.2.15.v20160210.jar /Users/roshan/Downloads/selenium-java-3.0.1/lib/websocket-common-9.2.15.v20160210.jar /Users/roshan/Downloads/selenium-java-3.0.1/lib/xalan-2.7.2.jar /Users/roshan/Downloads/selenium-java-3.0.1/lib/xercesImpl-2.11.0.jar /Users/roshan/Downloads/selenium-java-3.0.1/lib/xml-apis-1.4.01.jar /Users/roshan/testng/build/libs/testng-6.11.1-SNAPSHOT.jar /Users/roshan/jcommander/kobaltBuild/libs/jcommander-1.68.jar
  VMArgs:    -ea
  Class:     org.testng.remote.RemoteTestNG
  Args:      -serport 58441 -protocol json -d /Users/roshan/selenium/workspace/seleniumtest/test-output /var/folders/gw/41kzy60d2nsc_jff874kp1mm0000gn/T/testng-eclipse-1287119576/testng-customsuite.xml
java -ea -classpath /Users/roshan/.p2/pool/plugins/org.testng.eclipse_6.11.0.201703011520/lib/testng-remote.jar:/Users/roshan/selenium/workspace/seleniumtest/bin:/Users/roshan/Downloads/selenium-java-3.0.1/client-combined-3.0.1-nodeps.jar:/Users/roshan/Downloads/selenium-java-3.0.1/lib/cglib-nodep-3.2.4.jar:/Users/roshan/Downloads/selenium-java-3.0.1/lib/commons-codec-1.10.jar:/Users/roshan/Downloads/selenium-java-3.0.1/lib/commons-exec-1.3.jar:/Users/roshan/Downloads/selenium-java-3.0.1/lib/commons-io-2.5.jar:/Users/roshan/Downloads/selenium-java-3.0.1/lib/commons-lang3-3.4.jar:/Users/roshan/Downloads/selenium-java-3.0.1/lib/commons-logging-1.2.jar:/Users/roshan/Downloads/selenium-java-3.0.1/lib/cssparser-0.9.20.jar:/Users/roshan/Downloads/selenium-java-3.0.1/lib/gson-2.3.1.jar:/Users/roshan/Downloads/selenium-java-3.0.1/lib/guava-19.0.jar:/Users/roshan/Downloads/selenium-java-3.0.1/lib/hamcrest-core-1.3.jar:/Users/roshan/Downloads/selenium-java-3.0.1/lib/hamcrest-library-1.3.jar:/Users/roshan/Downloads/selenium-java-3.0.1/lib/htmlunit-2.23.jar:/Users/roshan/Downloads/selenium-java-3.0.1/lib/htmlunit-core-js-2.23.jar:/Users/roshan/Downloads/selenium-java-3.0.1/lib/httpclient-4.5.2.jar:/Users/roshan/Downloads/selenium-java-3.0.1/lib/httpcore-4.4.4.jar:/Users/roshan/Downloads/selenium-java-3.0.1/lib/httpmime-4.5.2.jar:/Users/roshan/Downloads/selenium-java-3.0.1/lib/javax.servlet-api-3.1.0.jar:/Users/roshan/Downloads/selenium-java-3.0.1/lib/jetty-io-9.2.13.v20150730.jar:/Users/roshan/Downloads/selenium-java-3.0.1/lib/jetty-util-9.2.13.v20150730.jar:/Users/roshan/Downloads/selenium-java-3.0.1/lib/jna-4.1.0.jar:/Users/roshan/Downloads/selenium-java-3.0.1/lib/jna-platform-4.1.0.jar:/Users/roshan/Downloads/selenium-java-3.0.1/lib/junit-4.12.jar:/Users/roshan/Downloads/selenium-java-3.0.1/lib/neko-htmlunit-2.23.jar:/Users/roshan/Downloads/selenium-java-3.0.1/lib/netty-3.5.7.Final.jar:/Users/roshan/Downloads/selenium-java-3.0.1/lib/phantomjsdriver-1.3.0.jar:/Users/roshan/Downloads/selenium-java-3.0.1/lib/sac-1.3.jar:/Users/roshan/Downloads/selenium-java-3.0.1/lib/serializer-2.7.2.jar:/Users/roshan/Downloads/selenium-java-3.0.1/lib/websocket-api-9.2.15.v20160210.jar:/Users/roshan/Downloads/selenium-java-3.0.1/lib/websocket-client-9.2.15.v20160210.jar:/Users/roshan/Downloads/selenium-java-3.0.1/lib/websocket-common-9.2.15.v20160210.jar:/Users/roshan/Downloads/selenium-java-3.0.1/lib/xalan-2.7.2.jar:/Users/roshan/Downloads/selenium-java-3.0.1/lib/xercesImpl-2.11.0.jar:/Users/roshan/Downloads/selenium-java-3.0.1/lib/xml-apis-1.4.01.jar:/Users/roshan/testng/build/libs/testng-6.11.1-SNAPSHOT.jar:/Users/roshan/jcommander/kobaltBuild/libs/jcommander-1.68.jar org.testng.remote.RemoteTestNG -serport 58441 -protocol json -d /Users/roshan/selenium/workspace/seleniumtest/test-output /var/folders/gw/41kzy60d2nsc_jff874kp1mm0000gn/T/testng-eclipse-1287119576/testng-customsuite.xml

!ENTRY org.testng.eclipse 1 0 2017-04-17 21:41:40.494
!MESSAGE [TestNGLaunchConfigurationDelegate] Launching:
  Classpath: /Users/roshan/.p2/pool/plugins/org.testng.eclipse_6.11.0.201703011520/lib/testng-remote.jar /Users/roshan/selenium/workspace/seleniumtest/bin /Users/roshan/Downloads/selenium-java-3.0.1/client-combined-3.0.1-nodeps.jar /Users/roshan/Downloads/selenium-java-3.0.1/lib/cglib-nodep-3.2.4.jar /Users/roshan/Downloads/selenium-java-3.0.1/lib/commons-codec-1.10.jar /Users/roshan/Downloads/selenium-java-3.0.1/lib/commons-exec-1.3.jar /Users/roshan/Downloads/selenium-java-3.0.1/lib/commons-io-2.5.jar /Users/roshan/Downloads/selenium-java-3.0.1/lib/commons-lang3-3.4.jar /Users/roshan/Downloads/selenium-java-3.0.1/lib/commons-logging-1.2.jar /Users/roshan/Downloads/selenium-java-3.0.1/lib/cssparser-0.9.20.jar /Users/roshan/Downloads/selenium-java-3.0.1/lib/gson-2.3.1.jar /Users/roshan/Downloads/selenium-java-3.0.1/lib/guava-19.0.jar /Users/roshan/Downloads/selenium-java-3.0.1/lib/hamcrest-core-1.3.jar /Users/roshan/Downloads/selenium-java-3.0.1/lib/hamcrest-library-1.3.jar /Users/roshan/Downloads/selenium-java-3.0.1/lib/htmlunit-2.23.jar /Users/roshan/Downloads/selenium-java-3.0.1/lib/htmlunit-core-js-2.23.jar /Users/roshan/Downloads/selenium-java-3.0.1/lib/httpclient-4.5.2.jar /Users/roshan/Downloads/selenium-java-3.0.1/lib/httpcore-4.4.4.jar /Users/roshan/Downloads/selenium-java-3.0.1/lib/httpmime-4.5.2.jar /Users/roshan/Downloads/selenium-java-3.0.1/lib/javax.servlet-api-3.1.0.jar /Users/roshan/Downloads/selenium-java-3.0.1/lib/jetty-io-9.2.13.v20150730.jar /Users/roshan/Downloads/selenium-java-3.0.1/lib/jetty-util-9.2.13.v20150730.jar /Users/roshan/Downloads/selenium-java-3.0.1/lib/jna-4.1.0.jar /Users/roshan/Downloads/selenium-java-3.0.1/lib/jna-platform-4.1.0.jar /Users/roshan/Downloads/selenium-java-3.0.1/lib/junit-4.12.jar /Users/roshan/Downloads/selenium-java-3.0.1/lib/neko-htmlunit-2.23.jar /Users/roshan/Downloads/selenium-java-3.0.1/lib/netty-3.5.7.Final.jar /Users/roshan/Downloads/selenium-java-3.0.1/lib/phantomjsdriver-1.3.0.jar /Users/roshan/Downloads/selenium-java-3.0.1/lib/sac-1.3.jar /Users/roshan/Downloads/selenium-java-3.0.1/lib/serializer-2.7.2.jar /Users/roshan/Downloads/selenium-java-3.0.1/lib/websocket-api-9.2.15.v20160210.jar /Users/roshan/Downloads/selenium-java-3.0.1/lib/websocket-client-9.2.15.v20160210.jar /Users/roshan/Downloads/selenium-java-3.0.1/lib/websocket-common-9.2.15.v20160210.jar /Users/roshan/Downloads/selenium-java-3.0.1/lib/xalan-2.7.2.jar /Users/roshan/Downloads/selenium-java-3.0.1/lib/xercesImpl-2.11.0.jar /Users/roshan/Downloads/selenium-java-3.0.1/lib/xml-apis-1.4.01.jar /Users/roshan/testng/build/libs/testng-6.11.1-SNAPSHOT.jar /Users/roshan/jcommander/kobaltBuild/libs/jcommander-1.68.jar
  VMArgs:    -ea
  Class:     org.testng.remote.RemoteTestNG
  Args:      -serport 58496 -protocol json -d /Users/roshan/selenium/workspace/seleniumtest/test-output /var/folders/gw/41kzy60d2nsc_jff874kp1mm0000gn/T/testng-eclipse-1520350741/testng-customsuite.xml
java -ea -classpath /Users/roshan/.p2/pool/plugins/org.testng.eclipse_6.11.0.201703011520/lib/testng-remote.jar:/Users/roshan/selenium/workspace/seleniumtest/bin:/Users/roshan/Downloads/selenium-java-3.0.1/client-combined-3.0.1-nodeps.jar:/Users/roshan/Downloads/selenium-java-3.0.1/lib/cglib-nodep-3.2.4.jar:/Users/roshan/Downloads/selenium-java-3.0.1/lib/commons-codec-1.10.jar:/Users/roshan/Downloads/selenium-java-3.0.1/lib/commons-exec-1.3.jar:/Users/roshan/Downloads/selenium-java-3.0.1/lib/commons-io-2.5.jar:/Users/roshan/Downloads/selenium-java-3.0.1/lib/commons-lang3-3.4.jar:/Users/roshan/Downloads/selenium-java-3.0.1/lib/commons-logging-1.2.jar:/Users/roshan/Downloads/selenium-java-3.0.1/lib/cssparser-0.9.20.jar:/Users/roshan/Downloads/selenium-java-3.0.1/lib/gson-2.3.1.jar:/Users/roshan/Downloads/selenium-java-3.0.1/lib/guava-19.0.jar:/Users/roshan/Downloads/selenium-java-3.0.1/lib/hamcrest-core-1.3.jar:/Users/roshan/Downloads/selenium-java-3.0.1/lib/hamcrest-library-1.3.jar:/Users/roshan/Downloads/selenium-java-3.0.1/lib/htmlunit-2.23.jar:/Users/roshan/Downloads/selenium-java-3.0.1/lib/htmlunit-core-js-2.23.jar:/Users/roshan/Downloads/selenium-java-3.0.1/lib/httpclient-4.5.2.jar:/Users/roshan/Downloads/selenium-java-3.0.1/lib/httpcore-4.4.4.jar:/Users/roshan/Downloads/selenium-java-3.0.1/lib/httpmime-4.5.2.jar:/Users/roshan/Downloads/selenium-java-3.0.1/lib/javax.servlet-api-3.1.0.jar:/Users/roshan/Downloads/selenium-java-3.0.1/lib/jetty-io-9.2.13.v20150730.jar:/Users/roshan/Downloads/selenium-java-3.0.1/lib/jetty-util-9.2.13.v20150730.jar:/Users/roshan/Downloads/selenium-java-3.0.1/lib/jna-4.1.0.jar:/Users/roshan/Downloads/selenium-java-3.0.1/lib/jna-platform-4.1.0.jar:/Users/roshan/Downloads/selenium-java-3.0.1/lib/junit-4.12.jar:/Users/roshan/Downloads/selenium-java-3.0.1/lib/neko-htmlunit-2.23.jar:/Users/roshan/Downloads/selenium-java-3.0.1/lib/netty-3.5.7.Final.jar:/Users/roshan/Downloads/selenium-java-3.0.1/lib/phantomjsdriver-1.3.0.jar:/Users/roshan/Downloads/selenium-java-3.0.1/lib/sac-1.3.jar:/Users/roshan/Downloads/selenium-java-3.0.1/lib/serializer-2.7.2.jar:/Users/roshan/Downloads/selenium-java-3.0.1/lib/websocket-api-9.2.15.v20160210.jar:/Users/roshan/Downloads/selenium-java-3.0.1/lib/websocket-client-9.2.15.v20160210.jar:/Users/roshan/Downloads/selenium-java-3.0.1/lib/websocket-common-9.2.15.v20160210.jar:/Users/roshan/Downloads/selenium-java-3.0.1/lib/xalan-2.7.2.jar:/Users/roshan/Downloads/selenium-java-3.0.1/lib/xercesImpl-2.11.0.jar:/Users/roshan/Downloads/selenium-java-3.0.1/lib/xml-apis-1.4.01.jar:/Users/roshan/testng/build/libs/testng-6.11.1-SNAPSHOT.jar:/Users/roshan/jcommander/kobaltBuild/libs/jcommander-1.68.jar org.testng.remote.RemoteTestNG -serport 58496 -protocol json -d /Users/roshan/selenium/workspace/seleniumtest/test-output /var/folders/gw/41kzy60d2nsc_jff874kp1mm0000gn/T/testng-eclipse-1520350741/testng-customsuite.xml

!ENTRY org.testng.eclipse 1 0 2017-04-17 21:41:56.717
!MESSAGE [TestNGLaunchConfigurationDelegate] Launching:
  Classpath: /Users/roshan/.p2/pool/plugins/org.testng.eclipse_6.11.0.201703011520/lib/testng-remote.jar /Users/roshan/selenium/workspace/seleniumtest/bin /Users/roshan/Downloads/selenium-java-3.0.1/client-combined-3.0.1-nodeps.jar /Users/roshan/Downloads/selenium-java-3.0.1/lib/cglib-nodep-3.2.4.jar /Users/roshan/Downloads/selenium-java-3.0.1/lib/commons-codec-1.10.jar /Users/roshan/Downloads/selenium-java-3.0.1/lib/commons-exec-1.3.jar /Users/roshan/Downloads/selenium-java-3.0.1/lib/commons-io-2.5.jar /Users/roshan/Downloads/selenium-java-3.0.1/lib/commons-lang3-3.4.jar /Users/roshan/Downloads/selenium-java-3.0.1/lib/commons-logging-1.2.jar /Users/roshan/Downloads/selenium-java-3.0.1/lib/cssparser-0.9.20.jar /Users/roshan/Downloads/selenium-java-3.0.1/lib/gson-2.3.1.jar /Users/roshan/Downloads/selenium-java-3.0.1/lib/guava-19.0.jar /Users/roshan/Downloads/selenium-java-3.0.1/lib/hamcrest-core-1.3.jar /Users/roshan/Downloads/selenium-java-3.0.1/lib/hamcrest-library-1.3.jar /Users/roshan/Downloads/selenium-java-3.0.1/lib/htmlunit-2.23.jar /Users/roshan/Downloads/selenium-java-3.0.1/lib/htmlunit-core-js-2.23.jar /Users/roshan/Downloads/selenium-java-3.0.1/lib/httpclient-4.5.2.jar /Users/roshan/Downloads/selenium-java-3.0.1/lib/httpcore-4.4.4.jar /Users/roshan/Downloads/selenium-java-3.0.1/lib/httpmime-4.5.2.jar /Users/roshan/Downloads/selenium-java-3.0.1/lib/javax.servlet-api-3.1.0.jar /Users/roshan/Downloads/selenium-java-3.0.1/lib/jetty-io-9.2.13.v20150730.jar /Users/roshan/Downloads/selenium-java-3.0.1/lib/jetty-util-9.2.13.v20150730.jar /Users/roshan/Downloads/selenium-java-3.0.1/lib/jna-4.1.0.jar /Users/roshan/Downloads/selenium-java-3.0.1/lib/jna-platform-4.1.0.jar /Users/roshan/Downloads/selenium-java-3.0.1/lib/junit-4.12.jar /Users/roshan/Downloads/selenium-java-3.0.1/lib/neko-htmlunit-2.23.jar /Users/roshan/Downloads/selenium-java-3.0.1/lib/netty-3.5.7.Final.jar /Users/roshan/Downloads/selenium-java-3.0.1/lib/phantomjsdriver-1.3.0.jar /Users/roshan/Downloads/selenium-java-3.0.1/lib/sac-1.3.jar /Users/roshan/Downloads/selenium-java-3.0.1/lib/serializer-2.7.2.jar /Users/roshan/Downloads/selenium-java-3.0.1/lib/websocket-api-9.2.15.v20160210.jar /Users/roshan/Downloads/selenium-java-3.0.1/lib/websocket-client-9.2.15.v20160210.jar /Users/roshan/Downloads/selenium-java-3.0.1/lib/websocket-common-9.2.15.v20160210.jar /Users/roshan/Downloads/selenium-java-3.0.1/lib/xalan-2.7.2.jar /Users/roshan/Downloads/selenium-java-3.0.1/lib/xercesImpl-2.11.0.jar /Users/roshan/Downloads/selenium-java-3.0.1/lib/xml-apis-1.4.01.jar /Users/roshan/testng/build/libs/testng-6.11.1-SNAPSHOT.jar /Users/roshan/jcommander/kobaltBuild/libs/jcommander-1.68.jar
  VMArgs:    -ea
  Class:     org.testng.remote.RemoteTestNG
  Args:      -serport 58541 -protocol json -d /Users/roshan/selenium/workspace/seleniumtest/test-output /var/folders/gw/41kzy60d2nsc_jff874kp1mm0000gn/T/testng-eclipse--622300559/testng-customsuite.xml
java -ea -classpath /Users/roshan/.p2/pool/plugins/org.testng.eclipse_6.11.0.201703011520/lib/testng-remote.jar:/Users/roshan/selenium/workspace/seleniumtest/bin:/Users/roshan/Downloads/selenium-java-3.0.1/client-combined-3.0.1-nodeps.jar:/Users/roshan/Downloads/selenium-java-3.0.1/lib/cglib-nodep-3.2.4.jar:/Users/roshan/Downloads/selenium-java-3.0.1/lib/commons-codec-1.10.jar:/Users/roshan/Downloads/selenium-java-3.0.1/lib/commons-exec-1.3.jar:/Users/roshan/Downloads/selenium-java-3.0.1/lib/commons-io-2.5.jar:/Users/roshan/Downloads/selenium-java-3.0.1/lib/commons-lang3-3.4.jar:/Users/roshan/Downloads/selenium-java-3.0.1/lib/commons-logging-1.2.jar:/Users/roshan/Downloads/selenium-java-3.0.1/lib/cssparser-0.9.20.jar:/Users/roshan/Downloads/selenium-java-3.0.1/lib/gson-2.3.1.jar:/Users/roshan/Downloads/selenium-java-3.0.1/lib/guava-19.0.jar:/Users/roshan/Downloads/selenium-java-3.0.1/lib/hamcrest-core-1.3.jar:/Users/roshan/Downloads/selenium-java-3.0.1/lib/hamcrest-library-1.3.jar:/Users/roshan/Downloads/selenium-java-3.0.1/lib/htmlunit-2.23.jar:/Users/roshan/Downloads/selenium-java-3.0.1/lib/htmlunit-core-js-2.23.jar:/Users/roshan/Downloads/selenium-java-3.0.1/lib/httpclient-4.5.2.jar:/Users/roshan/Downloads/selenium-java-3.0.1/lib/httpcore-4.4.4.jar:/Users/roshan/Downloads/selenium-java-3.0.1/lib/httpmime-4.5.2.jar:/Users/roshan/Downloads/selenium-java-3.0.1/lib/javax.servlet-api-3.1.0.jar:/Users/roshan/Downloads/selenium-java-3.0.1/lib/jetty-io-9.2.13.v20150730.jar:/Users/roshan/Downloads/selenium-java-3.0.1/lib/jetty-util-9.2.13.v20150730.jar:/Users/roshan/Downloads/selenium-java-3.0.1/lib/jna-4.1.0.jar:/Users/roshan/Downloads/selenium-java-3.0.1/lib/jna-platform-4.1.0.jar:/Users/roshan/Downloads/selenium-java-3.0.1/lib/junit-4.12.jar:/Users/roshan/Downloads/selenium-java-3.0.1/lib/neko-htmlunit-2.23.jar:/Users/roshan/Downloads/selenium-java-3.0.1/lib/netty-3.5.7.Final.jar:/Users/roshan/Downloads/selenium-java-3.0.1/lib/phantomjsdriver-1.3.0.jar:/Users/roshan/Downloads/selenium-java-3.0.1/lib/sac-1.3.jar:/Users/roshan/Downloads/selenium-java-3.0.1/lib/serializer-2.7.2.jar:/Users/roshan/Downloads/selenium-java-3.0.1/lib/websocket-api-9.2.15.v20160210.jar:/Users/roshan/Downloads/selenium-java-3.0.1/lib/websocket-client-9.2.15.v20160210.jar:/Users/roshan/Downloads/selenium-java-3.0.1/lib/websocket-common-9.2.15.v20160210.jar:/Users/roshan/Downloads/selenium-java-3.0.1/lib/xalan-2.7.2.jar:/Users/roshan/Downloads/selenium-java-3.0.1/lib/xercesImpl-2.11.0.jar:/Users/roshan/Downloads/selenium-java-3.0.1/lib/xml-apis-1.4.01.jar:/Users/roshan/testng/build/libs/testng-6.11.1-SNAPSHOT.jar:/Users/roshan/jcommander/kobaltBuild/libs/jcommander-1.68.jar org.testng.remote.RemoteTestNG -serport 58541 -protocol json -d /Users/roshan/selenium/workspace/seleniumtest/test-output /var/folders/gw/41kzy60d2nsc_jff874kp1mm0000gn/T/testng-eclipse--622300559/testng-customsuite.xml

!ENTRY org.testng.eclipse 1 0 2017-04-17 22:18:31.494
!MESSAGE Stop the socket server as it's still pending on accepting the client

!ENTRY org.eclipse.core.jobs 2 2 2017-04-17 22:18:31.818
!MESSAGE Job found still running after platform shutdown.  Jobs should be canceled by the plugin that scheduled them during shutdown: org.testng.eclipse.ui.TestRunnerViewPart$3
!SESSION 2017-04-17 22:18:38.548 -----------------------------------------------
eclipse.buildId=4.6.2.M20161124-1400
java.version=1.8.0_121
java.vendor=Oracle Corporation
BootLoader constants: OS=macosx, ARCH=x86_64, WS=cocoa, NL=en_US
Framework arguments:  -product org.eclipse.epp.package.java.product -keyring /Users/roshan/.eclipse_keyring
Command-line arguments:  -os macosx -ws cocoa -arch x86_64 -product org.eclipse.epp.package.java.product -keyring /Users/roshan/.eclipse_keyring

!ENTRY org.eclipse.launchbar.core 2 0 2017-04-17 22:18:53.031
!MESSAGE Enablement expression is missing for config provider for org.eclipse.cdt.arduino.core.descriptorType

!ENTRY org.eclipse.launchbar.core 2 0 2017-04-17 22:18:53.032
!MESSAGE Enablement expression is missing for descriptor type org.eclipse.cdt.debug.core.coreBuildDescriptorType

!ENTRY org.eclipse.launchbar.core 2 0 2017-04-17 22:18:53.042
!MESSAGE Enablement expression is missing for config provider for org.eclipse.cdt.debug.core.coreBuildDescriptorType

!ENTRY org.eclipse.core.net 1 0 2017-04-17 22:19:01.387
!MESSAGE System property http.nonProxyHosts has been set to local|*.local|169.254/16|*.169.254/16 by an external source. This value will be overwritten using the values from the preferences

!ENTRY org.eclipse.equinox.p2.metadata.repository 4 1000 2017-04-17 22:56:55.835
!MESSAGE No repository found at http://testng.org/doc/download.html.

!ENTRY org.testng.eclipse 1 0 2017-04-18 14:59:36.031
!MESSAGE [TestNGLaunchConfigurationDelegate] Launching:
  Classpath: /Users/roshan/.p2/pool/plugins/org.testng.eclipse_6.11.0.201703011520/lib/testng-remote.jar /Users/roshan/selenium/workspace/seleniumtest/bin /Users/roshan/Downloads/selenium-java-3.0.1/client-combined-3.0.1-nodeps.jar /Users/roshan/Downloads/selenium-java-3.0.1/lib/cglib-nodep-3.2.4.jar /Users/roshan/Downloads/selenium-java-3.0.1/lib/commons-codec-1.10.jar /Users/roshan/Downloads/selenium-java-3.0.1/lib/commons-exec-1.3.jar /Users/roshan/Downloads/selenium-java-3.0.1/lib/commons-io-2.5.jar /Users/roshan/Downloads/selenium-java-3.0.1/lib/commons-lang3-3.4.jar /Users/roshan/Downloads/selenium-java-3.0.1/lib/commons-logging-1.2.jar /Users/roshan/Downloads/selenium-java-3.0.1/lib/cssparser-0.9.20.jar /Users/roshan/Downloads/selenium-java-3.0.1/lib/gson-2.3.1.jar /Users/roshan/Downloads/selenium-java-3.0.1/lib/guava-19.0.jar /Users/roshan/Downloads/selenium-java-3.0.1/lib/hamcrest-core-1.3.jar /Users/roshan/Downloads/selenium-java-3.0.1/lib/hamcrest-library-1.3.jar /Users/roshan/Downloads/selenium-java-3.0.1/lib/htmlunit-2.23.jar /Users/roshan/Downloads/selenium-java-3.0.1/lib/htmlunit-core-js-2.23.jar /Users/roshan/Downloads/selenium-java-3.0.1/lib/httpclient-4.5.2.jar /Users/roshan/Downloads/selenium-java-3.0.1/lib/httpcore-4.4.4.jar /Users/roshan/Downloads/selenium-java-3.0.1/lib/httpmime-4.5.2.jar /Users/roshan/Downloads/selenium-java-3.0.1/lib/javax.servlet-api-3.1.0.jar /Users/roshan/Downloads/selenium-java-3.0.1/lib/jetty-io-9.2.13.v20150730.jar /Users/roshan/Downloads/selenium-java-3.0.1/lib/jetty-util-9.2.13.v20150730.jar /Users/roshan/Downloads/selenium-java-3.0.1/lib/jna-4.1.0.jar /Users/roshan/Downloads/selenium-java-3.0.1/lib/jna-platform-4.1.0.jar /Users/roshan/Downloads/selenium-java-3.0.1/lib/junit-4.12.jar /Users/roshan/Downloads/selenium-java-3.0.1/lib/neko-htmlunit-2.23.jar /Users/roshan/Downloads/selenium-java-3.0.1/lib/netty-3.5.7.Final.jar /Users/roshan/Downloads/selenium-java-3.0.1/lib/phantomjsdriver-1.3.0.jar /Users/roshan/Downloads/selenium-java-3.0.1/lib/sac-1.3.jar /Users/roshan/Downloads/selenium-java-3.0.1/lib/serializer-2.7.2.jar /Users/roshan/Downloads/selenium-java-3.0.1/lib/websocket-api-9.2.15.v20160210.jar /Users/roshan/Downloads/selenium-java-3.0.1/lib/websocket-client-9.2.15.v20160210.jar /Users/roshan/Downloads/selenium-java-3.0.1/lib/websocket-common-9.2.15.v20160210.jar /Users/roshan/Downloads/selenium-java-3.0.1/lib/xalan-2.7.2.jar /Users/roshan/Downloads/selenium-java-3.0.1/lib/xercesImpl-2.11.0.jar /Users/roshan/Downloads/selenium-java-3.0.1/lib/xml-apis-1.4.01.jar /Users/roshan/testng/build/libs/testng-6.11.1-SNAPSHOT.jar /Users/roshan/jcommander/kobaltBuild/libs/jcommander-1.68.jar
  VMArgs:    -ea
  Class:     org.testng.remote.RemoteTestNG
  Args:      -serport 56978 -protocol json -d /Users/roshan/selenium/workspace/seleniumtest/test-output /var/folders/gw/41kzy60d2nsc_jff874kp1mm0000gn/T/testng-eclipse--576805762/testng-customsuite.xml
java -ea -classpath /Users/roshan/.p2/pool/plugins/org.testng.eclipse_6.11.0.201703011520/lib/testng-remote.jar:/Users/roshan/selenium/workspace/seleniumtest/bin:/Users/roshan/Downloads/selenium-java-3.0.1/client-combined-3.0.1-nodeps.jar:/Users/roshan/Downloads/selenium-java-3.0.1/lib/cglib-nodep-3.2.4.jar:/Users/roshan/Downloads/selenium-java-3.0.1/lib/commons-codec-1.10.jar:/Users/roshan/Downloads/selenium-java-3.0.1/lib/commons-exec-1.3.jar:/Users/roshan/Downloads/selenium-java-3.0.1/lib/commons-io-2.5.jar:/Users/roshan/Downloads/selenium-java-3.0.1/lib/commons-lang3-3.4.jar:/Users/roshan/Downloads/selenium-java-3.0.1/lib/commons-logging-1.2.jar:/Users/roshan/Downloads/selenium-java-3.0.1/lib/cssparser-0.9.20.jar:/Users/roshan/Downloads/selenium-java-3.0.1/lib/gson-2.3.1.jar:/Users/roshan/Downloads/selenium-java-3.0.1/lib/guava-19.0.jar:/Users/roshan/Downloads/selenium-java-3.0.1/lib/hamcrest-core-1.3.jar:/Users/roshan/Downloads/selenium-java-3.0.1/lib/hamcrest-library-1.3.jar:/Users/roshan/Downloads/selenium-java-3.0.1/lib/htmlunit-2.23.jar:/Users/roshan/Downloads/selenium-java-3.0.1/lib/htmlunit-core-js-2.23.jar:/Users/roshan/Downloads/selenium-java-3.0.1/lib/httpclient-4.5.2.jar:/Users/roshan/Downloads/selenium-java-3.0.1/lib/httpcore-4.4.4.jar:/Users/roshan/Downloads/selenium-java-3.0.1/lib/httpmime-4.5.2.jar:/Users/roshan/Downloads/selenium-java-3.0.1/lib/javax.servlet-api-3.1.0.jar:/Users/roshan/Downloads/selenium-java-3.0.1/lib/jetty-io-9.2.13.v20150730.jar:/Users/roshan/Downloads/selenium-java-3.0.1/lib/jetty-util-9.2.13.v20150730.jar:/Users/roshan/Downloads/selenium-java-3.0.1/lib/jna-4.1.0.jar:/Users/roshan/Downloads/selenium-java-3.0.1/lib/jna-platform-4.1.0.jar:/Users/roshan/Downloads/selenium-java-3.0.1/lib/junit-4.12.jar:/Users/roshan/Downloads/selenium-java-3.0.1/lib/neko-htmlunit-2.23.jar:/Users/roshan/Downloads/selenium-java-3.0.1/lib/netty-3.5.7.Final.jar:/Users/roshan/Downloads/selenium-java-3.0.1/lib/phantomjsdriver-1.3.0.jar:/Users/roshan/Downloads/selenium-java-3.0.1/lib/sac-1.3.jar:/Users/roshan/Downloads/selenium-java-3.0.1/lib/serializer-2.7.2.jar:/Users/roshan/Downloads/selenium-java-3.0.1/lib/websocket-api-9.2.15.v20160210.jar:/Users/roshan/Downloads/selenium-java-3.0.1/lib/websocket-client-9.2.15.v20160210.jar:/Users/roshan/Downloads/selenium-java-3.0.1/lib/websocket-common-9.2.15.v20160210.jar:/Users/roshan/Downloads/selenium-java-3.0.1/lib/xalan-2.7.2.jar:/Users/roshan/Downloads/selenium-java-3.0.1/lib/xercesImpl-2.11.0.jar:/Users/roshan/Downloads/selenium-java-3.0.1/lib/xml-apis-1.4.01.jar:/Users/roshan/testng/build/libs/testng-6.11.1-SNAPSHOT.jar:/Users/roshan/jcommander/kobaltBuild/libs/jcommander-1.68.jar org.testng.remote.RemoteTestNG -serport 56978 -protocol json -d /Users/roshan/selenium/workspace/seleniumtest/test-output /var/folders/gw/41kzy60d2nsc_jff874kp1mm0000gn/T/testng-eclipse--576805762/testng-customsuite.xml
!SESSION 2017-04-18 18:17:55.938 -----------------------------------------------
eclipse.buildId=4.6.2.M20161124-1400
java.version=1.8.0_121
java.vendor=Oracle Corporation
BootLoader constants: OS=macosx, ARCH=x86_64, WS=cocoa, NL=en_US
Framework arguments:  -product org.eclipse.epp.package.java.product -keyring /Users/roshan/.eclipse_keyring
Command-line arguments:  -os macosx -ws cocoa -arch x86_64 -product org.eclipse.epp.package.java.product -keyring /Users/roshan/.eclipse_keyring

!ENTRY org.eclipse.launchbar.core 2 0 2017-04-18 18:18:05.122
!MESSAGE Enablement expression is missing for config provider for org.eclipse.cdt.arduino.core.descriptorType

!ENTRY org.eclipse.launchbar.core 2 0 2017-04-18 18:18:05.133
!MESSAGE Enablement expression is missing for descriptor type org.eclipse.cdt.debug.core.coreBuildDescriptorType

!ENTRY org.eclipse.launchbar.core 2 0 2017-04-18 18:18:05.133
!MESSAGE Enablement expression is missing for config provider for org.eclipse.cdt.debug.core.coreBuildDescriptorType

!ENTRY org.eclipse.core.net 1 0 2017-04-18 18:18:08.328
!MESSAGE System property http.nonProxyHosts has been set to local|*.local|169.254/16|*.169.254/16 by an external source. This value will be overwritten using the values from the preferences

!ENTRY org.eclipse.cdt.core 4 0 2017-04-18 18:18:40.694
!MESSAGE Error: Not ELF format
!STACK 0
java.io.IOException: Not ELF format
	at org.eclipse.cdt.utils.elf.Elf$ELFhdr.<init>(Elf.java:188)
	at org.eclipse.cdt.utils.elf.Elf.commonSetup(Elf.java:666)
	at org.eclipse.cdt.utils.elf.Elf.<init>(Elf.java:684)
	at org.eclipse.cdt.utils.elf.Elf.getAttributes(Elf.java:929)
	at org.eclipse.cdt.utils.elf.parser.ElfParser.getBinary(ElfParser.java:60)
	at org.eclipse.cdt.utils.elf.parser.ElfParser.getBinary(ElfParser.java:34)
	at org.eclipse.cdt.debug.internal.core.executables.StandardExecutableImporter.isBinary(StandardExecutableImporter.java:269)
	at org.eclipse.cdt.debug.internal.core.executables.StandardExecutableImporter.validateBinaryParsers(StandardExecutableImporter.java:237)
	at org.eclipse.cdt.debug.internal.core.executables.StandardExecutableImporter.importExecutable(StandardExecutableImporter.java:162)
	at org.eclipse.cdt.debug.internal.core.executables.StandardExecutableImporter.importExecutables(StandardExecutableImporter.java:125)
	at org.eclipse.cdt.debug.core.executables.ExecutablesManager.importExecutables(ExecutablesManager.java:501)
	at org.eclipse.cdt.debug.internal.ui.views.executables.ExecutablesView$7.run(ExecutablesView.java:498)
	at org.eclipse.core.internal.jobs.Worker.run(Worker.java:55)

!ENTRY org.eclipse.cdt.core 4 0 2017-04-18 18:18:41.124
!MESSAGE Error: Not ELF format
!STACK 0
java.io.IOException: Not ELF format
	at org.eclipse.cdt.utils.elf.Elf$ELFhdr.<init>(Elf.java:188)
	at org.eclipse.cdt.utils.elf.Elf.commonSetup(Elf.java:666)
	at org.eclipse.cdt.utils.elf.Elf.<init>(Elf.java:684)
	at org.eclipse.cdt.utils.elf.Elf.getAttributes(Elf.java:929)
	at org.eclipse.cdt.utils.elf.parser.ElfParser.getBinary(ElfParser.java:60)
	at org.eclipse.cdt.utils.elf.parser.ElfParser.getBinary(ElfParser.java:34)
	at org.eclipse.cdt.debug.internal.core.executables.StandardExecutableImporter.isBinary(StandardExecutableImporter.java:269)
	at org.eclipse.cdt.debug.internal.core.executables.StandardExecutableImporter.validateBinaryParsers(StandardExecutableImporter.java:237)
	at org.eclipse.cdt.debug.internal.core.executables.StandardExecutableImporter.importExecutable(StandardExecutableImporter.java:162)
	at org.eclipse.cdt.debug.internal.core.executables.StandardExecutableImporter.importExecutables(StandardExecutableImporter.java:125)
	at org.eclipse.cdt.debug.core.executables.ExecutablesManager.importExecutables(ExecutablesManager.java:501)
	at org.eclipse.cdt.debug.internal.ui.views.executables.ExecutablesView$7.run(ExecutablesView.java:498)
	at org.eclipse.core.internal.jobs.Worker.run(Worker.java:55)

!ENTRY org.eclipse.cdt.core 1 0 2017-04-18 18:18:41.192
!MESSAGE Indexed 'Executables' (0 sources, 0 headers) in 0.004 sec: 0 declarations; 0 references; 0 unresolved inclusions; 0 syntax errors; 0 unresolved names (0%)

!ENTRY org.eclipse.equinox.p2.transport.ecf 4 1002 2017-04-18 19:07:57.186
!MESSAGE Unable to connect to repository http://download.eclipse.org/releases/neon/compositeContent.xml
!STACK 0
java.net.ConnectException: Operation timed out (Connection timed out)
	at java.net.PlainSocketImpl.socketConnect(Native Method)
	at java.net.AbstractPlainSocketImpl.doConnect(AbstractPlainSocketImpl.java:350)
	at java.net.AbstractPlainSocketImpl.connectToAddress(AbstractPlainSocketImpl.java:206)
	at java.net.AbstractPlainSocketImpl.connect(AbstractPlainSocketImpl.java:188)
	at java.net.SocksSocketImpl.connect(SocksSocketImpl.java:392)
	at java.net.Socket.connect(Socket.java:589)
	at org.apache.http.conn.scheme.PlainSocketFactory.connectSocket(PlainSocketFactory.java:120)
	at org.apache.http.impl.conn.DefaultClientConnectionOperator.openConnection(DefaultClientConnectionOperator.java:179)
	at org.apache.http.impl.conn.ManagedClientConnectionImpl.open(ManagedClientConnectionImpl.java:328)
	at org.apache.http.impl.client.DefaultRequestDirector.tryConnect(DefaultRequestDirector.java:612)
	at org.apache.http.impl.client.DefaultRequestDirector.execute(DefaultRequestDirector.java:447)
	at org.apache.http.impl.client.AbstractHttpClient.doExecute(AbstractHttpClient.java:884)
	at org.apache.http.impl.client.CloseableHttpClient.execute(CloseableHttpClient.java:82)
	at org.eclipse.ecf.provider.filetransfer.httpclient4.HttpClientFileSystemBrowser.runRequest(HttpClientFileSystemBrowser.java:263)
	at org.eclipse.ecf.provider.filetransfer.browse.AbstractFileSystemBrowser$DirectoryJob.run(AbstractFileSystemBrowser.java:69)
	at org.eclipse.core.internal.jobs.Worker.run(Worker.java:55)

!ENTRY org.eclipse.equinox.p2.transport.ecf 4 1002 2017-04-18 19:19:21.096
!MESSAGE Unable to connect to repository http://download.eclipse.org/oomph/updates/milestone/latest/content.xml
!STACK 0
java.net.ConnectException: Operation timed out (Connection timed out)
	at java.net.PlainSocketImpl.socketConnect(Native Method)
	at java.net.AbstractPlainSocketImpl.doConnect(AbstractPlainSocketImpl.java:350)
	at java.net.AbstractPlainSocketImpl.connectToAddress(AbstractPlainSocketImpl.java:206)
	at java.net.AbstractPlainSocketImpl.connect(AbstractPlainSocketImpl.java:188)
	at java.net.SocksSocketImpl.connect(SocksSocketImpl.java:392)
	at java.net.Socket.connect(Socket.java:589)
	at org.apache.http.conn.scheme.PlainSocketFactory.connectSocket(PlainSocketFactory.java:120)
	at org.apache.http.impl.conn.DefaultClientConnectionOperator.openConnection(DefaultClientConnectionOperator.java:179)
	at org.apache.http.impl.conn.ManagedClientConnectionImpl.open(ManagedClientConnectionImpl.java:328)
	at org.apache.http.impl.client.DefaultRequestDirector.tryConnect(DefaultRequestDirector.java:612)
	at org.apache.http.impl.client.DefaultRequestDirector.execute(DefaultRequestDirector.java:447)
	at org.apache.http.impl.client.AbstractHttpClient.doExecute(AbstractHttpClient.java:884)
	at org.apache.http.impl.client.CloseableHttpClient.execute(CloseableHttpClient.java:82)
	at org.eclipse.ecf.provider.filetransfer.httpclient4.HttpClientFileSystemBrowser.runRequest(HttpClientFileSystemBrowser.java:263)
	at org.eclipse.ecf.provider.filetransfer.browse.AbstractFileSystemBrowser$DirectoryJob.run(AbstractFileSystemBrowser.java:69)
	at org.eclipse.core.internal.jobs.Worker.run(Worker.java:55)

!ENTRY org.eclipse.equinox.p2.metadata.repository 4 1000 2017-04-18 19:19:22.111
!MESSAGE No repository found at http://testng.org/doc/download.html.

!ENTRY org.testng.eclipse 1 0 2017-04-19 15:00:13.727
!MESSAGE [TestNGLaunchConfigurationDelegate] Launching:
  Classpath: /Users/roshan/.p2/pool/plugins/org.testng.eclipse_6.11.0.201703011520/lib/testng-remote.jar /Users/roshan/selenium/workspace/seleniumtest/bin /Users/roshan/Downloads/selenium-java-3.0.1/client-combined-3.0.1-nodeps.jar /Users/roshan/Downloads/selenium-java-3.0.1/lib/cglib-nodep-3.2.4.jar /Users/roshan/Downloads/selenium-java-3.0.1/lib/commons-codec-1.10.jar /Users/roshan/Downloads/selenium-java-3.0.1/lib/commons-exec-1.3.jar /Users/roshan/Downloads/selenium-java-3.0.1/lib/commons-io-2.5.jar /Users/roshan/Downloads/selenium-java-3.0.1/lib/commons-lang3-3.4.jar /Users/roshan/Downloads/selenium-java-3.0.1/lib/commons-logging-1.2.jar /Users/roshan/Downloads/selenium-java-3.0.1/lib/cssparser-0.9.20.jar /Users/roshan/Downloads/selenium-java-3.0.1/lib/gson-2.3.1.jar /Users/roshan/Downloads/selenium-java-3.0.1/lib/guava-19.0.jar /Users/roshan/Downloads/selenium-java-3.0.1/lib/hamcrest-core-1.3.jar /Users/roshan/Downloads/selenium-java-3.0.1/lib/hamcrest-library-1.3.jar /Users/roshan/Downloads/selenium-java-3.0.1/lib/htmlunit-2.23.jar /Users/roshan/Downloads/selenium-java-3.0.1/lib/htmlunit-core-js-2.23.jar /Users/roshan/Downloads/selenium-java-3.0.1/lib/httpclient-4.5.2.jar /Users/roshan/Downloads/selenium-java-3.0.1/lib/httpcore-4.4.4.jar /Users/roshan/Downloads/selenium-java-3.0.1/lib/httpmime-4.5.2.jar /Users/roshan/Downloads/selenium-java-3.0.1/lib/javax.servlet-api-3.1.0.jar /Users/roshan/Downloads/selenium-java-3.0.1/lib/jetty-io-9.2.13.v20150730.jar /Users/roshan/Downloads/selenium-java-3.0.1/lib/jetty-util-9.2.13.v20150730.jar /Users/roshan/Downloads/selenium-java-3.0.1/lib/jna-4.1.0.jar /Users/roshan/Downloads/selenium-java-3.0.1/lib/jna-platform-4.1.0.jar /Users/roshan/Downloads/selenium-java-3.0.1/lib/junit-4.12.jar /Users/roshan/Downloads/selenium-java-3.0.1/lib/neko-htmlunit-2.23.jar /Users/roshan/Downloads/selenium-java-3.0.1/lib/netty-3.5.7.Final.jar /Users/roshan/Downloads/selenium-java-3.0.1/lib/phantomjsdriver-1.3.0.jar /Users/roshan/Downloads/selenium-java-3.0.1/lib/sac-1.3.jar /Users/roshan/Downloads/selenium-java-3.0.1/lib/serializer-2.7.2.jar /Users/roshan/Downloads/selenium-java-3.0.1/lib/websocket-api-9.2.15.v20160210.jar /Users/roshan/Downloads/selenium-java-3.0.1/lib/websocket-client-9.2.15.v20160210.jar /Users/roshan/Downloads/selenium-java-3.0.1/lib/websocket-common-9.2.15.v20160210.jar /Users/roshan/Downloads/selenium-java-3.0.1/lib/xalan-2.7.2.jar /Users/roshan/Downloads/selenium-java-3.0.1/lib/xercesImpl-2.11.0.jar /Users/roshan/Downloads/selenium-java-3.0.1/lib/xml-apis-1.4.01.jar /Users/roshan/testng/build/libs/testng-6.11.1-SNAPSHOT.jar /Users/roshan/jcommander/kobaltBuild/libs/jcommander-1.68.jar
  VMArgs:    -ea
  Class:     org.testng.remote.RemoteTestNG
  Args:      -serport 61456 -protocol json -d /Users/roshan/selenium/workspace/seleniumtest/test-output /var/folders/gw/41kzy60d2nsc_jff874kp1mm0000gn/T/testng-eclipse-1341029006/testng-customsuite.xml
java -ea -classpath /Users/roshan/.p2/pool/plugins/org.testng.eclipse_6.11.0.201703011520/lib/testng-remote.jar:/Users/roshan/selenium/workspace/seleniumtest/bin:/Users/roshan/Downloads/selenium-java-3.0.1/client-combined-3.0.1-nodeps.jar:/Users/roshan/Downloads/selenium-java-3.0.1/lib/cglib-nodep-3.2.4.jar:/Users/roshan/Downloads/selenium-java-3.0.1/lib/commons-codec-1.10.jar:/Users/roshan/Downloads/selenium-java-3.0.1/lib/commons-exec-1.3.jar:/Users/roshan/Downloads/selenium-java-3.0.1/lib/commons-io-2.5.jar:/Users/roshan/Downloads/selenium-java-3.0.1/lib/commons-lang3-3.4.jar:/Users/roshan/Downloads/selenium-java-3.0.1/lib/commons-logging-1.2.jar:/Users/roshan/Downloads/selenium-java-3.0.1/lib/cssparser-0.9.20.jar:/Users/roshan/Downloads/selenium-java-3.0.1/lib/gson-2.3.1.jar:/Users/roshan/Downloads/selenium-java-3.0.1/lib/guava-19.0.jar:/Users/roshan/Downloads/selenium-java-3.0.1/lib/hamcrest-core-1.3.jar:/Users/roshan/Downloads/selenium-java-3.0.1/lib/hamcrest-library-1.3.jar:/Users/roshan/Downloads/selenium-java-3.0.1/lib/htmlunit-2.23.jar:/Users/roshan/Downloads/selenium-java-3.0.1/lib/htmlunit-core-js-2.23.jar:/Users/roshan/Downloads/selenium-java-3.0.1/lib/httpclient-4.5.2.jar:/Users/roshan/Downloads/selenium-java-3.0.1/lib/httpcore-4.4.4.jar:/Users/roshan/Downloads/selenium-java-3.0.1/lib/httpmime-4.5.2.jar:/Users/roshan/Downloads/selenium-java-3.0.1/lib/javax.servlet-api-3.1.0.jar:/Users/roshan/Downloads/selenium-java-3.0.1/lib/jetty-io-9.2.13.v20150730.jar:/Users/roshan/Downloads/selenium-java-3.0.1/lib/jetty-util-9.2.13.v20150730.jar:/Users/roshan/Downloads/selenium-java-3.0.1/lib/jna-4.1.0.jar:/Users/roshan/Downloads/selenium-java-3.0.1/lib/jna-platform-4.1.0.jar:/Users/roshan/Downloads/selenium-java-3.0.1/lib/junit-4.12.jar:/Users/roshan/Downloads/selenium-java-3.0.1/lib/neko-htmlunit-2.23.jar:/Users/roshan/Downloads/selenium-java-3.0.1/lib/netty-3.5.7.Final.jar:/Users/roshan/Downloads/selenium-java-3.0.1/lib/phantomjsdriver-1.3.0.jar:/Users/roshan/Downloads/selenium-java-3.0.1/lib/sac-1.3.jar:/Users/roshan/Downloads/selenium-java-3.0.1/lib/serializer-2.7.2.jar:/Users/roshan/Downloads/selenium-java-3.0.1/lib/websocket-api-9.2.15.v20160210.jar:/Users/roshan/Downloads/selenium-java-3.0.1/lib/websocket-client-9.2.15.v20160210.jar:/Users/roshan/Downloads/selenium-java-3.0.1/lib/websocket-common-9.2.15.v20160210.jar:/Users/roshan/Downloads/selenium-java-3.0.1/lib/xalan-2.7.2.jar:/Users/roshan/Downloads/selenium-java-3.0.1/lib/xercesImpl-2.11.0.jar:/Users/roshan/Downloads/selenium-java-3.0.1/lib/xml-apis-1.4.01.jar:/Users/roshan/testng/build/libs/testng-6.11.1-SNAPSHOT.jar:/Users/roshan/jcommander/kobaltBuild/libs/jcommander-1.68.jar org.testng.remote.RemoteTestNG -serport 61456 -protocol json -d /Users/roshan/selenium/workspace/seleniumtest/test-output /var/folders/gw/41kzy60d2nsc_jff874kp1mm0000gn/T/testng-eclipse-1341029006/testng-customsuite.xml

!ENTRY org.eclipse.equinox.p2.metadata.repository 4 1000 2017-05-18 20:14:17.319
!MESSAGE No repository found at http://testng.org/doc/download.html.
!SESSION 2017-05-19 10:32:08.359 -----------------------------------------------
eclipse.buildId=4.6.2.M20161124-1400
java.version=1.8.0_121
java.vendor=Oracle Corporation
BootLoader constants: OS=macosx, ARCH=x86_64, WS=cocoa, NL=en_US
Framework arguments:  -product org.eclipse.epp.package.java.product -keyring /Users/roshan/.eclipse_keyring
Command-line arguments:  -os macosx -ws cocoa -arch x86_64 -product org.eclipse.epp.package.java.product -keyring /Users/roshan/.eclipse_keyring

!ENTRY org.eclipse.launchbar.core 2 0 2017-05-19 10:32:48.539
!MESSAGE Enablement expression is missing for config provider for org.eclipse.cdt.arduino.core.descriptorType

!ENTRY org.eclipse.launchbar.core 2 0 2017-05-19 10:32:48.550
!MESSAGE Enablement expression is missing for descriptor type org.eclipse.cdt.debug.core.coreBuildDescriptorType

!ENTRY org.eclipse.launchbar.core 2 0 2017-05-19 10:32:48.550
!MESSAGE Enablement expression is missing for config provider for org.eclipse.cdt.debug.core.coreBuildDescriptorType

!ENTRY org.eclipse.osgi 2 0 2017-05-19 10:32:58.055
!MESSAGE While loading class "org.eclipse.egit.ui.internal.ConfigurationChecker$1$1", thread "Thread[Worker-2,5,main]" timed out waiting (5006ms) for thread "Thread[main,6,main]" to finish starting bundle "org.eclipse.egit.ui_4.4.1.201607150455-r [122]". To avoid deadlock, thread "Thread[Worker-2,5,main]" is proceeding but "org.eclipse.egit.ui.internal.ConfigurationChecker$1$1" may not be fully initialized.
!STACK 0
org.osgi.framework.BundleException: Unable to acquire the state change lock for the module: osgi.identity; type="osgi.bundle"; version:Version="4.4.1.201607150455-r"; osgi.identity="org.eclipse.egit.ui"; singleton:="true" [id=122] STARTED [STARTED]
	at org.eclipse.osgi.container.Module.lockStateChange(Module.java:337)
	at org.eclipse.osgi.container.Module.start(Module.java:401)
	at org.eclipse.osgi.framework.util.SecureAction.start(SecureAction.java:470)
	at org.eclipse.osgi.internal.hooks.EclipseLazyStarter.postFindLocalClass(EclipseLazyStarter.java:107)
	at org.eclipse.osgi.internal.loader.classpath.ClasspathManager.findLocalClass(ClasspathManager.java:529)
	at org.eclipse.osgi.internal.loader.ModuleClassLoader.findLocalClass(ModuleClassLoader.java:325)
	at org.eclipse.osgi.internal.loader.BundleLoader.findLocalClass(BundleLoader.java:345)
	at org.eclipse.osgi.internal.loader.BundleLoader.findClassInternal(BundleLoader.java:423)
	at org.eclipse.osgi.internal.loader.BundleLoader.findClass(BundleLoader.java:372)
	at org.eclipse.osgi.internal.loader.BundleLoader.findClass(BundleLoader.java:364)
	at org.eclipse.osgi.internal.loader.ModuleClassLoader.loadClass(ModuleClassLoader.java:161)
	at java.lang.ClassLoader.loadClass(ClassLoader.java:357)
	at org.eclipse.egit.ui.internal.ConfigurationChecker$1.run(ConfigurationChecker.java:45)
	at org.eclipse.core.internal.jobs.Worker.run(Worker.java:55)
Caused by: java.util.concurrent.TimeoutException: Timeout after waiting 5 seconds to acquire the lock.
	at org.eclipse.osgi.container.Module.lockStateChange(Module.java:334)
	... 13 more
Root exception:
java.util.concurrent.TimeoutException: Timeout after waiting 5 seconds to acquire the lock.
	at org.eclipse.osgi.container.Module.lockStateChange(Module.java:334)
	at org.eclipse.osgi.container.Module.start(Module.java:401)
	at org.eclipse.osgi.framework.util.SecureAction.start(SecureAction.java:470)
	at org.eclipse.osgi.internal.hooks.EclipseLazyStarter.postFindLocalClass(EclipseLazyStarter.java:107)
	at org.eclipse.osgi.internal.loader.classpath.ClasspathManager.findLocalClass(ClasspathManager.java:529)
	at org.eclipse.osgi.internal.loader.ModuleClassLoader.findLocalClass(ModuleClassLoader.java:325)
	at org.eclipse.osgi.internal.loader.BundleLoader.findLocalClass(BundleLoader.java:345)
	at org.eclipse.osgi.internal.loader.BundleLoader.findClassInternal(BundleLoader.java:423)
	at org.eclipse.osgi.internal.loader.BundleLoader.findClass(BundleLoader.java:372)
	at org.eclipse.osgi.internal.loader.BundleLoader.findClass(BundleLoader.java:364)
	at org.eclipse.osgi.internal.loader.ModuleClassLoader.loadClass(ModuleClassLoader.java:161)
	at java.lang.ClassLoader.loadClass(ClassLoader.java:357)
	at org.eclipse.egit.ui.internal.ConfigurationChecker$1.run(ConfigurationChecker.java:45)
	at org.eclipse.core.internal.jobs.Worker.run(Worker.java:55)

!ENTRY org.eclipse.core.net 1 0 2017-05-19 10:32:59.130
!MESSAGE System property http.nonProxyHosts has been set to local|*.local|169.254/16|*.169.254/16 by an external source. This value will be overwritten using the values from the preferences

!ENTRY org.eclipse.epp.logging.aeri.ide 2 17 2017-05-19 10:33:25.092
!MESSAGE Server org.eclipse.epp.logging.aeri.ide.server failed with exception: Connect to dev.eclipse.org:443 [dev.eclipse.org/198.41.30.200] failed: connect timed out. ; version: 2.0.3.v20161205-0933
!STACK 0
org.apache.http.conn.ConnectTimeoutException: Connect to dev.eclipse.org:443 [dev.eclipse.org/198.41.30.200] failed: connect timed out
	at org.apache.http.impl.conn.HttpClientConnectionOperator.connect(HttpClientConnectionOperator.java:134)
	at org.apache.http.impl.conn.PoolingHttpClientConnectionManager.connect(PoolingHttpClientConnectionManager.java:319)
	at org.apache.http.impl.execchain.MainClientExec.establishRoute(MainClientExec.java:363)
	at org.apache.http.impl.execchain.MainClientExec.execute(MainClientExec.java:219)
	at org.apache.http.impl.execchain.ProtocolExec.execute(ProtocolExec.java:195)
	at org.apache.http.impl.execchain.RetryExec.execute(RetryExec.java:86)
	at org.apache.http.impl.execchain.RedirectExec.execute(RedirectExec.java:108)
	at org.apache.http.impl.client.InternalHttpClient.doExecute(InternalHttpClient.java:184)
	at org.apache.http.impl.client.CloseableHttpClient.execute(CloseableHttpClient.java:82)
	at org.apache.http.impl.client.CloseableHttpClient.execute(CloseableHttpClient.java:57)
	at org.apache.http.client.fluent.Executor.execute(Executor.java:206)
	at org.eclipse.epp.internal.logging.aeri.ide.server.mars.IO.request(IO.java:206)
	at org.eclipse.epp.internal.logging.aeri.ide.server.mars.IO.refreshConfiguration(IO.java:68)
	at org.eclipse.epp.internal.logging.aeri.ide.server.mars.ServerConnection.startUp(ServerConnection.java:124)
	at com.google.common.util.concurrent.AbstractIdleService$2$1.run(AbstractIdleService.java:54)
	at com.google.common.util.concurrent.Callables$3.run(Callables.java:93)
	at java.lang.Thread.run(Thread.java:745)
Caused by: java.net.SocketTimeoutException: connect timed out
	at java.net.PlainSocketImpl.socketConnect(Native Method)
	at java.net.AbstractPlainSocketImpl.doConnect(AbstractPlainSocketImpl.java:350)
	at java.net.AbstractPlainSocketImpl.connectToAddress(AbstractPlainSocketImpl.java:206)
	at java.net.AbstractPlainSocketImpl.connect(AbstractPlainSocketImpl.java:188)
	at java.net.SocksSocketImpl.connect(SocksSocketImpl.java:392)
	at java.net.Socket.connect(Socket.java:589)
	at org.apache.http.conn.ssl.SSLConnectionSocketFactory.connectSocket(SSLConnectionSocketFactory.java:244)
	at org.apache.http.impl.conn.HttpClientConnectionOperator.connect(HttpClientConnectionOperator.java:125)
	... 16 more

!ENTRY org.eclipse.equinox.p2.metadata.repository 4 1000 2017-05-19 11:11:58.806
!MESSAGE No repository found at http://testng.org/doc/download.html.

!ENTRY org.eclipse.recommenders.models.rcp 1 11 2017-05-25 17:47:24.008
!MESSAGE The model index service was accessed either before it started or after it finished running.
!STACK 0
org.eclipse.recommenders.utils.Logs$LogTraceException
	at org.eclipse.recommenders.utils.Logs$LogTraceException.newTrace(Logs.java:381)
	at org.eclipse.recommenders.utils.Logs.log(Logs.java:134)
	at org.eclipse.recommenders.utils.Logs.log(Logs.java:126)
	at org.eclipse.recommenders.internal.models.rcp.EclipseModelIndex.suggest(EclipseModelIndex.java:212)
	at org.eclipse.recommenders.models.SimpleModelProvider.acquireModel(SimpleModelProvider.java:70)
	at org.eclipse.recommenders.models.PoolingModelProvider.access$0(PoolingModelProvider.java:1)
	at org.eclipse.recommenders.models.PoolingModelProvider$ModelPoolFactoryMediator.makeObject(PoolingModelProvider.java:96)
	at org.eclipse.recommenders.models.PoolingModelProvider$ModelPoolFactoryMediator.makeObject(PoolingModelProvider.java:1)
	at org.apache.commons.pool.impl.GenericKeyedObjectPool.borrowObject(GenericKeyedObjectPool.java:1220)
	at org.eclipse.recommenders.models.PoolingModelProvider.acquireModel(PoolingModelProvider.java:67)
	at org.eclipse.recommenders.internal.calls.rcp.RcpCallModelProvider.acquireModel(RcpCallModelProvider.java:65)
	at org.eclipse.recommenders.internal.calls.rcp.RcpCallModelProvider.acquireModel(RcpCallModelProvider.java:1)
	at org.eclipse.recommenders.internal.models.rcp.PrefetchModelArchiveJob.run(PrefetchModelArchiveJob.java:43)
	at org.eclipse.core.internal.jobs.Worker.run(Worker.java:55)
!SESSION 2017-06-06 14:11:36.299 -----------------------------------------------
eclipse.buildId=4.6.2.M20161124-1400
java.version=1.8.0_121
java.vendor=Oracle Corporation
BootLoader constants: OS=macosx, ARCH=x86_64, WS=cocoa, NL=en_US
Framework arguments:  -product org.eclipse.epp.package.java.product -keyring /Users/roshan/.eclipse_keyring
Command-line arguments:  -os macosx -ws cocoa -arch x86_64 -product org.eclipse.epp.package.java.product -keyring /Users/roshan/.eclipse_keyring

!ENTRY org.eclipse.core.resources 2 10035 2017-06-06 14:11:56.244
!MESSAGE The workspace exited with unsaved changes in the previous session; refreshing workspace to recover changes.

!ENTRY org.eclipse.launchbar.core 2 0 2017-06-06 14:12:00.947
!MESSAGE Enablement expression is missing for config provider for org.eclipse.cdt.arduino.core.descriptorType

!ENTRY org.eclipse.launchbar.core 2 0 2017-06-06 14:12:00.979
!MESSAGE Enablement expression is missing for descriptor type org.eclipse.cdt.debug.core.coreBuildDescriptorType

!ENTRY org.eclipse.launchbar.core 2 0 2017-06-06 14:12:01.008
!MESSAGE Enablement expression is missing for config provider for org.eclipse.cdt.debug.core.coreBuildDescriptorType

!ENTRY org.eclipse.core.net 1 0 2017-06-06 14:12:11.723
!MESSAGE System property http.nonProxyHosts has been set to local|*.local|169.254/16|*.169.254/16 by an external source. This value will be overwritten using the values from the preferences

!ENTRY org.eclipse.equinox.p2.metadata.repository 4 1000 2017-06-06 14:48:13.977
!MESSAGE No repository found at http://testng.org/doc/download.html.

!ENTRY org.eclipse.equinox.p2.metadata.repository 4 1000 2017-07-13 17:27:26.118
!MESSAGE No repository found at http://testng.org/doc/download.html.
!SESSION 2017-08-17 13:28:12.889 -----------------------------------------------
eclipse.buildId=4.6.2.M20161124-1400
java.version=1.8.0_121
java.vendor=Oracle Corporation
BootLoader constants: OS=macosx, ARCH=x86_64, WS=cocoa, NL=en_US
Framework arguments:  -product org.eclipse.epp.package.java.product -keyring /Users/roshan/.eclipse_keyring
Command-line arguments:  -os macosx -ws cocoa -arch x86_64 -product org.eclipse.epp.package.java.product -keyring /Users/roshan/.eclipse_keyring

!ENTRY org.eclipse.core.resources 2 10035 2017-08-17 13:28:18.280
!MESSAGE The workspace exited with unsaved changes in the previous session; refreshing workspace to recover changes.

!ENTRY org.eclipse.launchbar.core 2 0 2017-08-17 13:28:21.500
!MESSAGE Enablement expression is missing for config provider for org.eclipse.cdt.arduino.core.descriptorType

!ENTRY org.eclipse.launchbar.core 2 0 2017-08-17 13:28:21.506
!MESSAGE Enablement expression is missing for descriptor type org.eclipse.cdt.debug.core.coreBuildDescriptorType

!ENTRY org.eclipse.launchbar.core 2 0 2017-08-17 13:28:21.507
!MESSAGE Enablement expression is missing for config provider for org.eclipse.cdt.debug.core.coreBuildDescriptorType

!ENTRY org.eclipse.osgi 2 0 2017-08-17 13:28:31.005
!MESSAGE While loading class "org.eclipse.egit.ui.internal.ConfigurationChecker$1$1", thread "Thread[Worker-2,5,main]" timed out waiting (5002ms) for thread "Thread[main,6,main]" to finish starting bundle "org.eclipse.egit.ui_4.4.1.201607150455-r [122]". To avoid deadlock, thread "Thread[Worker-2,5,main]" is proceeding but "org.eclipse.egit.ui.internal.ConfigurationChecker$1$1" may not be fully initialized.
!STACK 0
org.osgi.framework.BundleException: Unable to acquire the state change lock for the module: osgi.identity; type="osgi.bundle"; version:Version="4.4.1.201607150455-r"; osgi.identity="org.eclipse.egit.ui"; singleton:="true" [id=122] STARTED [STARTED]
	at org.eclipse.osgi.container.Module.lockStateChange(Module.java:337)
	at org.eclipse.osgi.container.Module.start(Module.java:401)
	at org.eclipse.osgi.framework.util.SecureAction.start(SecureAction.java:470)
	at org.eclipse.osgi.internal.hooks.EclipseLazyStarter.postFindLocalClass(EclipseLazyStarter.java:107)
	at org.eclipse.osgi.internal.loader.classpath.ClasspathManager.findLocalClass(ClasspathManager.java:529)
	at org.eclipse.osgi.internal.loader.ModuleClassLoader.findLocalClass(ModuleClassLoader.java:325)
	at org.eclipse.osgi.internal.loader.BundleLoader.findLocalClass(BundleLoader.java:345)
	at org.eclipse.osgi.internal.loader.BundleLoader.findClassInternal(BundleLoader.java:423)
	at org.eclipse.osgi.internal.loader.BundleLoader.findClass(BundleLoader.java:372)
	at org.eclipse.osgi.internal.loader.BundleLoader.findClass(BundleLoader.java:364)
	at org.eclipse.osgi.internal.loader.ModuleClassLoader.loadClass(ModuleClassLoader.java:161)
	at java.lang.ClassLoader.loadClass(ClassLoader.java:357)
	at org.eclipse.egit.ui.internal.ConfigurationChecker$1.run(ConfigurationChecker.java:45)
	at org.eclipse.core.internal.jobs.Worker.run(Worker.java:55)
Caused by: java.util.concurrent.TimeoutException: Timeout after waiting 5 seconds to acquire the lock.
	at org.eclipse.osgi.container.Module.lockStateChange(Module.java:334)
	... 13 more
Root exception:
java.util.concurrent.TimeoutException: Timeout after waiting 5 seconds to acquire the lock.
	at org.eclipse.osgi.container.Module.lockStateChange(Module.java:334)
	at org.eclipse.osgi.container.Module.start(Module.java:401)
	at org.eclipse.osgi.framework.util.SecureAction.start(SecureAction.java:470)
	at org.eclipse.osgi.internal.hooks.EclipseLazyStarter.postFindLocalClass(EclipseLazyStarter.java:107)
	at org.eclipse.osgi.internal.loader.classpath.ClasspathManager.findLocalClass(ClasspathManager.java:529)
	at org.eclipse.osgi.internal.loader.ModuleClassLoader.findLocalClass(ModuleClassLoader.java:325)
	at org.eclipse.osgi.internal.loader.BundleLoader.findLocalClass(BundleLoader.java:345)
	at org.eclipse.osgi.internal.loader.BundleLoader.findClassInternal(BundleLoader.java:423)
	at org.eclipse.osgi.internal.loader.BundleLoader.findClass(BundleLoader.java:372)
	at org.eclipse.osgi.internal.loader.BundleLoader.findClass(BundleLoader.java:364)
	at org.eclipse.osgi.internal.loader.ModuleClassLoader.loadClass(ModuleClassLoader.java:161)
	at java.lang.ClassLoader.loadClass(ClassLoader.java:357)
	at org.eclipse.egit.ui.internal.ConfigurationChecker$1.run(ConfigurationChecker.java:45)
	at org.eclipse.core.internal.jobs.Worker.run(Worker.java:55)

!ENTRY org.eclipse.core.net 1 0 2017-08-17 13:28:31.469
!MESSAGE System property http.nonProxyHosts has been set to local|*.local|169.254/16|*.169.254/16 by an external source. This value will be overwritten using the values from the preferences

!ENTRY org.eclipse.jface 2 0 2017-08-17 13:28:52.731
!MESSAGE Keybinding conflicts occurred.  They may interfere with normal accelerator operation.
!SUBENTRY 1 org.eclipse.jface 2 0 2017-08-17 13:28:52.732
!MESSAGE A conflict occurred for ALT+ARROW_DOWN:
Binding(ALT+ARROW_DOWN,
	ParameterizedCommand(Command(org.eclipse.mylyn.tasks.ui.command.goToNextUnread,Go To Next Unread Task,
		,
		Category(org.eclipse.ui.category.navigate,Navigate,null,true),
		org.eclipse.ui.internal.WorkbenchHandlerServiceHandler@77e1b84c,
		,,true),null),
	org.eclipse.ui.defaultAcceleratorConfiguration,
	org.eclipse.mylyn.tasks.ui.views.tasks,,,system)
Binding(ALT+ARROW_DOWN,
	ParameterizedCommand(Command(org.eclipse.ui.edit.text.moveLineDown,Move Lines Down,
		Moves the selected lines down,
		Category(org.eclipse.ui.category.textEditor,Text Editing,Text Editing Commands,true),
		org.eclipse.ui.internal.WorkbenchHandlerServiceHandler@2ba0b7cf,
		,,true),null),
	org.eclipse.ui.defaultAcceleratorConfiguration,
	org.eclipse.ui.textEditorScope,,,system)
!SUBENTRY 1 org.eclipse.jface 2 0 2017-08-17 13:28:52.732
!MESSAGE A conflict occurred for INSERT:
Binding(INSERT,
	ParameterizedCommand(Command(org.eclipse.mylyn.tasks.ui.command.new.local.task,New Local Task,
		,
		Category(org.eclipse.mylyn.tasks.ui.commands,Task Repositories,null,true),
		org.eclipse.ui.internal.WorkbenchHandlerServiceHandler@5ace5b0e,
		,,true),null),
	org.eclipse.ui.defaultAcceleratorConfiguration,
	org.eclipse.mylyn.tasks.ui.views.tasks,,,system)
Binding(INSERT,
	ParameterizedCommand(Command(org.eclipse.ui.edit.text.toggleOverwrite,Toggle Overwrite,
		Toggle overwrite mode,
		Category(org.eclipse.ui.category.textEditor,Text Editing,Text Editing Commands,true),
		org.eclipse.ui.internal.WorkbenchHandlerServiceHandler@d884e9a,
		,,true),null),
	org.eclipse.ui.defaultAcceleratorConfiguration,
	org.eclipse.ui.textEditorScope,,,system)
!SUBENTRY 1 org.eclipse.jface 2 0 2017-08-17 13:28:52.732
!MESSAGE A conflict occurred for ALT+ARROW_UP:
Binding(ALT+ARROW_UP,
	ParameterizedCommand(Command(org.eclipse.mylyn.tasks.ui.command.goToPreviousUnread,Go To Previous Unread Task,
		,
		Category(org.eclipse.ui.category.navigate,Navigate,null,true),
		org.eclipse.ui.internal.WorkbenchHandlerServiceHandler@192b76a4,
		,,true),null),
	org.eclipse.ui.defaultAcceleratorConfiguration,
	org.eclipse.mylyn.tasks.ui.views.tasks,,,system)
Binding(ALT+ARROW_UP,
	ParameterizedCommand(Command(org.eclipse.ui.edit.text.moveLineUp,Move Lines Up,
		Moves the selected lines up,
		Category(org.eclipse.ui.category.textEditor,Text Editing,Text Editing Commands,true),
		org.eclipse.ui.internal.WorkbenchHandlerServiceHandler@23389e2b,
		,,true),null),
	org.eclipse.ui.defaultAcceleratorConfiguration,
	org.eclipse.ui.textEditorScope,,,system)

!ENTRY org.eclipse.epp.logging.aeri.ide 2 17 2017-08-17 13:29:02.092
!MESSAGE Server org.eclipse.epp.logging.aeri.ide.server failed with exception: Connect to dev.eclipse.org:443 [dev.eclipse.org/198.41.30.200] failed: Read timed out. ; version: 2.0.3.v20161205-0933
!STACK 0
org.apache.http.conn.ConnectTimeoutException: Connect to dev.eclipse.org:443 [dev.eclipse.org/198.41.30.200] failed: Read timed out
	at org.apache.http.impl.conn.HttpClientConnectionOperator.connect(HttpClientConnectionOperator.java:134)
	at org.apache.http.impl.conn.PoolingHttpClientConnectionManager.connect(PoolingHttpClientConnectionManager.java:319)
	at org.apache.http.impl.execchain.MainClientExec.establishRoute(MainClientExec.java:363)
	at org.apache.http.impl.execchain.MainClientExec.execute(MainClientExec.java:219)
	at org.apache.http.impl.execchain.ProtocolExec.execute(ProtocolExec.java:195)
	at org.apache.http.impl.execchain.RetryExec.execute(RetryExec.java:86)
	at org.apache.http.impl.execchain.RedirectExec.execute(RedirectExec.java:108)
	at org.apache.http.impl.client.InternalHttpClient.doExecute(InternalHttpClient.java:184)
	at org.apache.http.impl.client.CloseableHttpClient.execute(CloseableHttpClient.java:82)
	at org.apache.http.impl.client.CloseableHttpClient.execute(CloseableHttpClient.java:57)
	at org.apache.http.client.fluent.Executor.execute(Executor.java:206)
	at org.eclipse.epp.internal.logging.aeri.ide.server.mars.IO.request(IO.java:206)
	at org.eclipse.epp.internal.logging.aeri.ide.server.mars.IO.refreshConfiguration(IO.java:68)
	at org.eclipse.epp.internal.logging.aeri.ide.server.mars.ServerConnection.startUp(ServerConnection.java:124)
	at com.google.common.util.concurrent.AbstractIdleService$2$1.run(AbstractIdleService.java:54)
	at com.google.common.util.concurrent.Callables$3.run(Callables.java:93)
	at java.lang.Thread.run(Thread.java:745)
Caused by: java.net.SocketTimeoutException: Read timed out
	at java.net.SocketInputStream.socketRead0(Native Method)
	at java.net.SocketInputStream.socketRead(SocketInputStream.java:116)
	at java.net.SocketInputStream.read(SocketInputStream.java:171)
	at java.net.SocketInputStream.read(SocketInputStream.java:141)
	at sun.security.ssl.InputRecord.readFully(InputRecord.java:465)
	at sun.security.ssl.InputRecord.read(InputRecord.java:503)
	at sun.security.ssl.SSLSocketImpl.readRecord(SSLSocketImpl.java:973)
	at sun.security.ssl.SSLSocketImpl.performInitialHandshake(SSLSocketImpl.java:1375)
	at sun.security.ssl.SSLSocketImpl.startHandshake(SSLSocketImpl.java:1403)
	at sun.security.ssl.SSLSocketImpl.startHandshake(SSLSocketImpl.java:1387)
	at org.apache.http.conn.ssl.SSLConnectionSocketFactory.createLayeredSocket(SSLConnectionSocketFactory.java:290)
	at org.apache.http.conn.ssl.SSLConnectionSocketFactory.connectSocket(SSLConnectionSocketFactory.java:259)
	at org.apache.http.impl.conn.HttpClientConnectionOperator.connect(HttpClientConnectionOperator.java:125)
	... 16 more

!ENTRY org.eclipse.equinox.p2.metadata.repository 4 1000 2017-08-17 13:52:42.101
!MESSAGE No repository found at http://testng.org/doc/download.html.
!SESSION 2017-08-29 17:41:22.956 -----------------------------------------------
eclipse.buildId=4.6.2.M20161124-1400
java.version=1.8.0_121
java.vendor=Oracle Corporation
BootLoader constants: OS=macosx, ARCH=x86_64, WS=cocoa, NL=en_US
Framework arguments:  -product org.eclipse.epp.package.java.product -keyring /Users/roshan/.eclipse_keyring
Command-line arguments:  -os macosx -ws cocoa -arch x86_64 -product org.eclipse.epp.package.java.product -keyring /Users/roshan/.eclipse_keyring

!ENTRY org.eclipse.launchbar.core 2 0 2017-08-29 17:41:39.815
!MESSAGE Enablement expression is missing for config provider for org.eclipse.cdt.arduino.core.descriptorType

!ENTRY org.eclipse.launchbar.core 2 0 2017-08-29 17:41:39.829
!MESSAGE Enablement expression is missing for descriptor type org.eclipse.cdt.debug.core.coreBuildDescriptorType

!ENTRY org.eclipse.launchbar.core 2 0 2017-08-29 17:41:39.853
!MESSAGE Enablement expression is missing for config provider for org.eclipse.cdt.debug.core.coreBuildDescriptorType

!ENTRY org.eclipse.osgi 2 0 2017-08-29 17:41:50.109
!MESSAGE While loading class "org.eclipse.egit.ui.internal.ConfigurationChecker$1$1", thread "Thread[Worker-2,5,main]" timed out waiting (5005ms) for thread "Thread[main,6,main]" to finish starting bundle "org.eclipse.egit.ui_4.4.1.201607150455-r [122]". To avoid deadlock, thread "Thread[Worker-2,5,main]" is proceeding but "org.eclipse.egit.ui.internal.ConfigurationChecker$1$1" may not be fully initialized.
!STACK 0
org.osgi.framework.BundleException: Unable to acquire the state change lock for the module: osgi.identity; type="osgi.bundle"; version:Version="4.4.1.201607150455-r"; osgi.identity="org.eclipse.egit.ui"; singleton:="true" [id=122] STARTED [STARTED]
	at org.eclipse.osgi.container.Module.lockStateChange(Module.java:337)
	at org.eclipse.osgi.container.Module.start(Module.java:401)
	at org.eclipse.osgi.framework.util.SecureAction.start(SecureAction.java:470)
	at org.eclipse.osgi.internal.hooks.EclipseLazyStarter.postFindLocalClass(EclipseLazyStarter.java:107)
	at org.eclipse.osgi.internal.loader.classpath.ClasspathManager.findLocalClass(ClasspathManager.java:529)
	at org.eclipse.osgi.internal.loader.ModuleClassLoader.findLocalClass(ModuleClassLoader.java:325)
	at org.eclipse.osgi.internal.loader.BundleLoader.findLocalClass(BundleLoader.java:345)
	at org.eclipse.osgi.internal.loader.BundleLoader.findClassInternal(BundleLoader.java:423)
	at org.eclipse.osgi.internal.loader.BundleLoader.findClass(BundleLoader.java:372)
	at org.eclipse.osgi.internal.loader.BundleLoader.findClass(BundleLoader.java:364)
	at org.eclipse.osgi.internal.loader.ModuleClassLoader.loadClass(ModuleClassLoader.java:161)
	at java.lang.ClassLoader.loadClass(ClassLoader.java:357)
	at org.eclipse.egit.ui.internal.ConfigurationChecker$1.run(ConfigurationChecker.java:45)
	at org.eclipse.core.internal.jobs.Worker.run(Worker.java:55)
Caused by: java.util.concurrent.TimeoutException: Timeout after waiting 5 seconds to acquire the lock.
	at org.eclipse.osgi.container.Module.lockStateChange(Module.java:334)
	... 13 more
Root exception:
java.util.concurrent.TimeoutException: Timeout after waiting 5 seconds to acquire the lock.
	at org.eclipse.osgi.container.Module.lockStateChange(Module.java:334)
	at org.eclipse.osgi.container.Module.start(Module.java:401)
	at org.eclipse.osgi.framework.util.SecureAction.start(SecureAction.java:470)
	at org.eclipse.osgi.internal.hooks.EclipseLazyStarter.postFindLocalClass(EclipseLazyStarter.java:107)
	at org.eclipse.osgi.internal.loader.classpath.ClasspathManager.findLocalClass(ClasspathManager.java:529)
	at org.eclipse.osgi.internal.loader.ModuleClassLoader.findLocalClass(ModuleClassLoader.java:325)
	at org.eclipse.osgi.internal.loader.BundleLoader.findLocalClass(BundleLoader.java:345)
	at org.eclipse.osgi.internal.loader.BundleLoader.findClassInternal(BundleLoader.java:423)
	at org.eclipse.osgi.internal.loader.BundleLoader.findClass(BundleLoader.java:372)
	at org.eclipse.osgi.internal.loader.BundleLoader.findClass(BundleLoader.java:364)
	at org.eclipse.osgi.internal.loader.ModuleClassLoader.loadClass(ModuleClassLoader.java:161)
	at java.lang.ClassLoader.loadClass(ClassLoader.java:357)
	at org.eclipse.egit.ui.internal.ConfigurationChecker$1.run(ConfigurationChecker.java:45)
	at org.eclipse.core.internal.jobs.Worker.run(Worker.java:55)

!ENTRY org.eclipse.core.net 1 0 2017-08-29 17:41:51.771
!MESSAGE System property http.nonProxyHosts has been set to local|*.local|169.254/16|*.169.254/16 by an external source. This value will be overwritten using the values from the preferences

!ENTRY org.eclipse.equinox.p2.metadata.repository 4 1000 2017-08-29 18:42:31.805
!MESSAGE No repository found at http://testng.org/doc/download.html.
!SESSION 2017-09-02 23:54:10.386 -----------------------------------------------
eclipse.buildId=4.6.2.M20161124-1400
java.version=1.8.0_121
java.vendor=Oracle Corporation
BootLoader constants: OS=macosx, ARCH=x86_64, WS=cocoa, NL=en_US
Framework arguments:  -product org.eclipse.epp.package.java.product -keyring /Users/roshan/.eclipse_keyring
Command-line arguments:  -os macosx -ws cocoa -arch x86_64 -product org.eclipse.epp.package.java.product -keyring /Users/roshan/.eclipse_keyring

!ENTRY org.eclipse.core.resources 2 10035 2017-09-02 23:54:33.199
!MESSAGE The workspace exited with unsaved changes in the previous session; refreshing workspace to recover changes.

!ENTRY org.eclipse.launchbar.core 2 0 2017-09-02 23:55:02.390
!MESSAGE Enablement expression is missing for config provider for org.eclipse.cdt.arduino.core.descriptorType

!ENTRY org.eclipse.launchbar.core 2 0 2017-09-02 23:55:02.422
!MESSAGE Enablement expression is missing for descriptor type org.eclipse.cdt.debug.core.coreBuildDescriptorType

!ENTRY org.eclipse.launchbar.core 2 0 2017-09-02 23:55:02.468
!MESSAGE Enablement expression is missing for config provider for org.eclipse.cdt.debug.core.coreBuildDescriptorType

!ENTRY org.eclipse.osgi 2 0 2017-09-02 23:55:15.545
!MESSAGE While loading class "org.eclipse.egit.ui.internal.ConfigurationChecker$1$1", thread "Thread[Worker-4,5,main]" timed out waiting (5010ms) for thread "Thread[main,6,main]" to finish starting bundle "org.eclipse.egit.ui_4.4.1.201607150455-r [122]". To avoid deadlock, thread "Thread[Worker-4,5,main]" is proceeding but "org.eclipse.egit.ui.internal.ConfigurationChecker$1$1" may not be fully initialized.
!STACK 0
org.osgi.framework.BundleException: Unable to acquire the state change lock for the module: osgi.identity; type="osgi.bundle"; version:Version="4.4.1.201607150455-r"; osgi.identity="org.eclipse.egit.ui"; singleton:="true" [id=122] STARTED [STARTED]
	at org.eclipse.osgi.container.Module.lockStateChange(Module.java:337)
	at org.eclipse.osgi.container.Module.start(Module.java:401)
	at org.eclipse.osgi.framework.util.SecureAction.start(SecureAction.java:470)
	at org.eclipse.osgi.internal.hooks.EclipseLazyStarter.postFindLocalClass(EclipseLazyStarter.java:107)
	at org.eclipse.osgi.internal.loader.classpath.ClasspathManager.findLocalClass(ClasspathManager.java:529)
	at org.eclipse.osgi.internal.loader.ModuleClassLoader.findLocalClass(ModuleClassLoader.java:325)
	at org.eclipse.osgi.internal.loader.BundleLoader.findLocalClass(BundleLoader.java:345)
	at org.eclipse.osgi.internal.loader.BundleLoader.findClassInternal(BundleLoader.java:423)
	at org.eclipse.osgi.internal.loader.BundleLoader.findClass(BundleLoader.java:372)
	at org.eclipse.osgi.internal.loader.BundleLoader.findClass(BundleLoader.java:364)
	at org.eclipse.osgi.internal.loader.ModuleClassLoader.loadClass(ModuleClassLoader.java:161)
	at java.lang.ClassLoader.loadClass(ClassLoader.java:357)
	at org.eclipse.egit.ui.internal.ConfigurationChecker$1.run(ConfigurationChecker.java:45)
	at org.eclipse.core.internal.jobs.Worker.run(Worker.java:55)
Caused by: java.util.concurrent.TimeoutException: Timeout after waiting 5 seconds to acquire the lock.
	at org.eclipse.osgi.container.Module.lockStateChange(Module.java:334)
	... 13 more
Root exception:
java.util.concurrent.TimeoutException: Timeout after waiting 5 seconds to acquire the lock.
	at org.eclipse.osgi.container.Module.lockStateChange(Module.java:334)
	at org.eclipse.osgi.container.Module.start(Module.java:401)
	at org.eclipse.osgi.framework.util.SecureAction.start(SecureAction.java:470)
	at org.eclipse.osgi.internal.hooks.EclipseLazyStarter.postFindLocalClass(EclipseLazyStarter.java:107)
	at org.eclipse.osgi.internal.loader.classpath.ClasspathManager.findLocalClass(ClasspathManager.java:529)
	at org.eclipse.osgi.internal.loader.ModuleClassLoader.findLocalClass(ModuleClassLoader.java:325)
	at org.eclipse.osgi.internal.loader.BundleLoader.findLocalClass(BundleLoader.java:345)
	at org.eclipse.osgi.internal.loader.BundleLoader.findClassInternal(BundleLoader.java:423)
	at org.eclipse.osgi.internal.loader.BundleLoader.findClass(BundleLoader.java:372)
	at org.eclipse.osgi.internal.loader.BundleLoader.findClass(BundleLoader.java:364)
	at org.eclipse.osgi.internal.loader.ModuleClassLoader.loadClass(ModuleClassLoader.java:161)
	at java.lang.ClassLoader.loadClass(ClassLoader.java:357)
	at org.eclipse.egit.ui.internal.ConfigurationChecker$1.run(ConfigurationChecker.java:45)
	at org.eclipse.core.internal.jobs.Worker.run(Worker.java:55)

!ENTRY org.eclipse.core.net 1 0 2017-09-02 23:55:21.038
!MESSAGE System property http.nonProxyHosts has been set to local|*.local|169.254/16|*.169.254/16 by an external source. This value will be overwritten using the values from the preferences

!ENTRY org.eclipse.equinox.p2.metadata.repository 4 1000 2017-09-03 00:46:01.913
!MESSAGE No repository found at http://testng.org/doc/download.html.
!SESSION 2017-09-11 22:42:06.129 -----------------------------------------------
eclipse.buildId=4.6.2.M20161124-1400
java.version=1.8.0_121
java.vendor=Oracle Corporation
BootLoader constants: OS=macosx, ARCH=x86_64, WS=cocoa, NL=en_US
Framework arguments:  -product org.eclipse.epp.package.java.product -keyring /Users/roshan/.eclipse_keyring
Command-line arguments:  -os macosx -ws cocoa -arch x86_64 -product org.eclipse.epp.package.java.product -keyring /Users/roshan/.eclipse_keyring

!ENTRY org.eclipse.launchbar.core 2 0 2017-09-11 22:42:13.995
!MESSAGE Enablement expression is missing for config provider for org.eclipse.cdt.arduino.core.descriptorType

!ENTRY org.eclipse.launchbar.core 2 0 2017-09-11 22:42:14.015
!MESSAGE Enablement expression is missing for descriptor type org.eclipse.cdt.debug.core.coreBuildDescriptorType

!ENTRY org.eclipse.launchbar.core 2 0 2017-09-11 22:42:14.015
!MESSAGE Enablement expression is missing for config provider for org.eclipse.cdt.debug.core.coreBuildDescriptorType

!ENTRY org.eclipse.core.net 1 0 2017-09-11 22:42:16.338
!MESSAGE System property http.nonProxyHosts has been set to local|*.local|169.254/16|*.169.254/16 by an external source. This value will be overwritten using the values from the preferences

!ENTRY org.eclipse.equinox.p2.metadata.repository 4 1000 2017-09-12 08:49:40.473
!MESSAGE No repository found at http://testng.org/doc/download.html.
!SESSION 2017-11-02 10:33:48.890 -----------------------------------------------
eclipse.buildId=4.6.2.M20161124-1400
java.version=1.8.0_121
java.vendor=Oracle Corporation
BootLoader constants: OS=macosx, ARCH=x86_64, WS=cocoa, NL=en_US
Framework arguments:  -product org.eclipse.epp.package.java.product -keyring /Users/roshan/.eclipse_keyring
Command-line arguments:  -os macosx -ws cocoa -arch x86_64 -product org.eclipse.epp.package.java.product -keyring /Users/roshan/.eclipse_keyring

!ENTRY org.eclipse.launchbar.core 2 0 2017-11-02 10:34:38.665
!MESSAGE Enablement expression is missing for config provider for org.eclipse.cdt.arduino.core.descriptorType

!ENTRY org.eclipse.launchbar.core 2 0 2017-11-02 10:34:38.688
!MESSAGE Enablement expression is missing for descriptor type org.eclipse.cdt.debug.core.coreBuildDescriptorType

!ENTRY org.eclipse.launchbar.core 2 0 2017-11-02 10:34:38.688
!MESSAGE Enablement expression is missing for config provider for org.eclipse.cdt.debug.core.coreBuildDescriptorType

!ENTRY org.eclipse.osgi 2 0 2017-11-02 10:34:49.170
!MESSAGE While loading class "org.eclipse.egit.ui.internal.ConfigurationChecker$1$1", thread "Thread[Worker-2,5,main]" timed out waiting (5007ms) for thread "Thread[main,6,main]" to finish starting bundle "org.eclipse.egit.ui_4.4.1.201607150455-r [122]". To avoid deadlock, thread "Thread[Worker-2,5,main]" is proceeding but "org.eclipse.egit.ui.internal.ConfigurationChecker$1$1" may not be fully initialized.
!STACK 0
org.osgi.framework.BundleException: Unable to acquire the state change lock for the module: osgi.identity; type="osgi.bundle"; version:Version="4.4.1.201607150455-r"; osgi.identity="org.eclipse.egit.ui"; singleton:="true" [id=122] STARTED [STARTED]
	at org.eclipse.osgi.container.Module.lockStateChange(Module.java:337)
	at org.eclipse.osgi.container.Module.start(Module.java:401)
	at org.eclipse.osgi.framework.util.SecureAction.start(SecureAction.java:470)
	at org.eclipse.osgi.internal.hooks.EclipseLazyStarter.postFindLocalClass(EclipseLazyStarter.java:107)
	at org.eclipse.osgi.internal.loader.classpath.ClasspathManager.findLocalClass(ClasspathManager.java:529)
	at org.eclipse.osgi.internal.loader.ModuleClassLoader.findLocalClass(ModuleClassLoader.java:325)
	at org.eclipse.osgi.internal.loader.BundleLoader.findLocalClass(BundleLoader.java:345)
	at org.eclipse.osgi.internal.loader.BundleLoader.findClassInternal(BundleLoader.java:423)
	at org.eclipse.osgi.internal.loader.BundleLoader.findClass(BundleLoader.java:372)
	at org.eclipse.osgi.internal.loader.BundleLoader.findClass(BundleLoader.java:364)
	at org.eclipse.osgi.internal.loader.ModuleClassLoader.loadClass(ModuleClassLoader.java:161)
	at java.lang.ClassLoader.loadClass(ClassLoader.java:357)
	at org.eclipse.egit.ui.internal.ConfigurationChecker$1.run(ConfigurationChecker.java:45)
	at org.eclipse.core.internal.jobs.Worker.run(Worker.java:55)
Caused by: java.util.concurrent.TimeoutException: Timeout after waiting 5 seconds to acquire the lock.
	at org.eclipse.osgi.container.Module.lockStateChange(Module.java:334)
	... 13 more
Root exception:
java.util.concurrent.TimeoutException: Timeout after waiting 5 seconds to acquire the lock.
	at org.eclipse.osgi.container.Module.lockStateChange(Module.java:334)
	at org.eclipse.osgi.container.Module.start(Module.java:401)
	at org.eclipse.osgi.framework.util.SecureAction.start(SecureAction.java:470)
	at org.eclipse.osgi.internal.hooks.EclipseLazyStarter.postFindLocalClass(EclipseLazyStarter.java:107)
	at org.eclipse.osgi.internal.loader.classpath.ClasspathManager.findLocalClass(ClasspathManager.java:529)
	at org.eclipse.osgi.internal.loader.ModuleClassLoader.findLocalClass(ModuleClassLoader.java:325)
	at org.eclipse.osgi.internal.loader.BundleLoader.findLocalClass(BundleLoader.java:345)
	at org.eclipse.osgi.internal.loader.BundleLoader.findClassInternal(BundleLoader.java:423)
	at org.eclipse.osgi.internal.loader.BundleLoader.findClass(BundleLoader.java:372)
	at org.eclipse.osgi.internal.loader.BundleLoader.findClass(BundleLoader.java:364)
	at org.eclipse.osgi.internal.loader.ModuleClassLoader.loadClass(ModuleClassLoader.java:161)
	at java.lang.ClassLoader.loadClass(ClassLoader.java:357)
	at org.eclipse.egit.ui.internal.ConfigurationChecker$1.run(ConfigurationChecker.java:45)
	at org.eclipse.core.internal.jobs.Worker.run(Worker.java:55)

!ENTRY org.eclipse.core.net 1 0 2017-11-02 10:34:51.207
!MESSAGE System property http.nonProxyHosts has been set to local|*.local|169.254/16|*.169.254/16 by an external source. This value will be overwritten using the values from the preferences

!ENTRY org.eclipse.equinox.p2.metadata.repository 4 1000 2017-11-02 10:55:50.809
!MESSAGE No repository found at http://testng.org/doc/download.html.
!SESSION 2017-11-08 16:19:23.809 -----------------------------------------------
eclipse.buildId=4.6.2.M20161124-1400
java.version=1.8.0_121
java.vendor=Oracle Corporation
BootLoader constants: OS=macosx, ARCH=x86_64, WS=cocoa, NL=en_US
Framework arguments:  -product org.eclipse.epp.package.java.product -keyring /Users/roshan/.eclipse_keyring
Command-line arguments:  -os macosx -ws cocoa -arch x86_64 -product org.eclipse.epp.package.java.product -keyring /Users/roshan/.eclipse_keyring

!ENTRY org.eclipse.launchbar.core 2 0 2017-11-08 16:19:44.858
!MESSAGE Enablement expression is missing for config provider for org.eclipse.cdt.arduino.core.descriptorType

!ENTRY org.eclipse.launchbar.core 2 0 2017-11-08 16:19:44.877
!MESSAGE Enablement expression is missing for descriptor type org.eclipse.cdt.debug.core.coreBuildDescriptorType

!ENTRY org.eclipse.launchbar.core 2 0 2017-11-08 16:19:44.877
!MESSAGE Enablement expression is missing for config provider for org.eclipse.cdt.debug.core.coreBuildDescriptorType

!ENTRY org.eclipse.osgi 2 0 2017-11-08 16:19:59.702
!MESSAGE While loading class "org.eclipse.egit.ui.internal.ConfigurationChecker$1$1", thread "Thread[Worker-1,5,main]" timed out waiting (5006ms) for thread "Thread[main,6,main]" to finish starting bundle "org.eclipse.egit.ui_4.4.1.201607150455-r [122]". To avoid deadlock, thread "Thread[Worker-1,5,main]" is proceeding but "org.eclipse.egit.ui.internal.ConfigurationChecker$1$1" may not be fully initialized.
!STACK 0
org.osgi.framework.BundleException: Unable to acquire the state change lock for the module: osgi.identity; type="osgi.bundle"; version:Version="4.4.1.201607150455-r"; osgi.identity="org.eclipse.egit.ui"; singleton:="true" [id=122] STARTED [STARTED]
	at org.eclipse.osgi.container.Module.lockStateChange(Module.java:337)
	at org.eclipse.osgi.container.Module.start(Module.java:401)
	at org.eclipse.osgi.framework.util.SecureAction.start(SecureAction.java:470)
	at org.eclipse.osgi.internal.hooks.EclipseLazyStarter.postFindLocalClass(EclipseLazyStarter.java:107)
	at org.eclipse.osgi.internal.loader.classpath.ClasspathManager.findLocalClass(ClasspathManager.java:529)
	at org.eclipse.osgi.internal.loader.ModuleClassLoader.findLocalClass(ModuleClassLoader.java:325)
	at org.eclipse.osgi.internal.loader.BundleLoader.findLocalClass(BundleLoader.java:345)
	at org.eclipse.osgi.internal.loader.BundleLoader.findClassInternal(BundleLoader.java:423)
	at org.eclipse.osgi.internal.loader.BundleLoader.findClass(BundleLoader.java:372)
	at org.eclipse.osgi.internal.loader.BundleLoader.findClass(BundleLoader.java:364)
	at org.eclipse.osgi.internal.loader.ModuleClassLoader.loadClass(ModuleClassLoader.java:161)
	at java.lang.ClassLoader.loadClass(ClassLoader.java:357)
	at org.eclipse.egit.ui.internal.ConfigurationChecker$1.run(ConfigurationChecker.java:45)
	at org.eclipse.core.internal.jobs.Worker.run(Worker.java:55)
Caused by: java.util.concurrent.TimeoutException: Timeout after waiting 5 seconds to acquire the lock.
	at org.eclipse.osgi.container.Module.lockStateChange(Module.java:334)
	... 13 more
Root exception:
java.util.concurrent.TimeoutException: Timeout after waiting 5 seconds to acquire the lock.
	at org.eclipse.osgi.container.Module.lockStateChange(Module.java:334)
	at org.eclipse.osgi.container.Module.start(Module.java:401)
	at org.eclipse.osgi.framework.util.SecureAction.start(SecureAction.java:470)
	at org.eclipse.osgi.internal.hooks.EclipseLazyStarter.postFindLocalClass(EclipseLazyStarter.java:107)
	at org.eclipse.osgi.internal.loader.classpath.ClasspathManager.findLocalClass(ClasspathManager.java:529)
	at org.eclipse.osgi.internal.loader.ModuleClassLoader.findLocalClass(ModuleClassLoader.java:325)
	at org.eclipse.osgi.internal.loader.BundleLoader.findLocalClass(BundleLoader.java:345)
	at org.eclipse.osgi.internal.loader.BundleLoader.findClassInternal(BundleLoader.java:423)
	at org.eclipse.osgi.internal.loader.BundleLoader.findClass(BundleLoader.java:372)
	at org.eclipse.osgi.internal.loader.BundleLoader.findClass(BundleLoader.java:364)
	at org.eclipse.osgi.internal.loader.ModuleClassLoader.loadClass(ModuleClassLoader.java:161)
	at java.lang.ClassLoader.loadClass(ClassLoader.java:357)
	at org.eclipse.egit.ui.internal.ConfigurationChecker$1.run(ConfigurationChecker.java:45)
	at org.eclipse.core.internal.jobs.Worker.run(Worker.java:55)

!ENTRY org.eclipse.core.net 1 0 2017-11-08 16:20:03.417
!MESSAGE System property http.nonProxyHosts has been set to local|*.local|169.254/16|*.169.254/16 by an external source. This value will be overwritten using the values from the preferences

!ENTRY org.eclipse.equinox.p2.metadata.repository 4 1000 2017-11-08 16:49:13.176
!MESSAGE No repository found at http://testng.org/doc/download.html.
!SESSION 2017-11-29 11:42:03.498 -----------------------------------------------
eclipse.buildId=4.6.2.M20161124-1400
java.version=1.8.0_121
java.vendor=Oracle Corporation
BootLoader constants: OS=macosx, ARCH=x86_64, WS=cocoa, NL=en_US
Framework arguments:  -product org.eclipse.epp.package.java.product -keyring /Users/roshan/.eclipse_keyring
Command-line arguments:  -os macosx -ws cocoa -arch x86_64 -product org.eclipse.epp.package.java.product -keyring /Users/roshan/.eclipse_keyring

!ENTRY org.eclipse.launchbar.core 2 0 2017-11-29 11:42:32.859
!MESSAGE Enablement expression is missing for config provider for org.eclipse.cdt.arduino.core.descriptorType

!ENTRY org.eclipse.launchbar.core 2 0 2017-11-29 11:42:32.886
!MESSAGE Enablement expression is missing for descriptor type org.eclipse.cdt.debug.core.coreBuildDescriptorType

!ENTRY org.eclipse.launchbar.core 2 0 2017-11-29 11:42:32.886
!MESSAGE Enablement expression is missing for config provider for org.eclipse.cdt.debug.core.coreBuildDescriptorType

!ENTRY org.eclipse.osgi 2 0 2017-11-29 11:42:42.544
!MESSAGE While loading class "org.eclipse.egit.ui.internal.ConfigurationChecker$1$1", thread "Thread[Worker-2,5,main]" timed out waiting (5005ms) for thread "Thread[main,6,main]" to finish starting bundle "org.eclipse.egit.ui_4.4.1.201607150455-r [122]". To avoid deadlock, thread "Thread[Worker-2,5,main]" is proceeding but "org.eclipse.egit.ui.internal.ConfigurationChecker$1$1" may not be fully initialized.
!STACK 0
org.osgi.framework.BundleException: Unable to acquire the state change lock for the module: osgi.identity; type="osgi.bundle"; version:Version="4.4.1.201607150455-r"; osgi.identity="org.eclipse.egit.ui"; singleton:="true" [id=122] STARTED [STARTED]
	at org.eclipse.osgi.container.Module.lockStateChange(Module.java:337)
	at org.eclipse.osgi.container.Module.start(Module.java:401)
	at org.eclipse.osgi.framework.util.SecureAction.start(SecureAction.java:470)
	at org.eclipse.osgi.internal.hooks.EclipseLazyStarter.postFindLocalClass(EclipseLazyStarter.java:107)
	at org.eclipse.osgi.internal.loader.classpath.ClasspathManager.findLocalClass(ClasspathManager.java:529)
	at org.eclipse.osgi.internal.loader.ModuleClassLoader.findLocalClass(ModuleClassLoader.java:325)
	at org.eclipse.osgi.internal.loader.BundleLoader.findLocalClass(BundleLoader.java:345)
	at org.eclipse.osgi.internal.loader.BundleLoader.findClassInternal(BundleLoader.java:423)
	at org.eclipse.osgi.internal.loader.BundleLoader.findClass(BundleLoader.java:372)
	at org.eclipse.osgi.internal.loader.BundleLoader.findClass(BundleLoader.java:364)
	at org.eclipse.osgi.internal.loader.ModuleClassLoader.loadClass(ModuleClassLoader.java:161)
	at java.lang.ClassLoader.loadClass(ClassLoader.java:357)
	at org.eclipse.egit.ui.internal.ConfigurationChecker$1.run(ConfigurationChecker.java:45)
	at org.eclipse.core.internal.jobs.Worker.run(Worker.java:55)
Caused by: java.util.concurrent.TimeoutException: Timeout after waiting 5 seconds to acquire the lock.
	at org.eclipse.osgi.container.Module.lockStateChange(Module.java:334)
	... 13 more
Root exception:
java.util.concurrent.TimeoutException: Timeout after waiting 5 seconds to acquire the lock.
	at org.eclipse.osgi.container.Module.lockStateChange(Module.java:334)
	at org.eclipse.osgi.container.Module.start(Module.java:401)
	at org.eclipse.osgi.framework.util.SecureAction.start(SecureAction.java:470)
	at org.eclipse.osgi.internal.hooks.EclipseLazyStarter.postFindLocalClass(EclipseLazyStarter.java:107)
	at org.eclipse.osgi.internal.loader.classpath.ClasspathManager.findLocalClass(ClasspathManager.java:529)
	at org.eclipse.osgi.internal.loader.ModuleClassLoader.findLocalClass(ModuleClassLoader.java:325)
	at org.eclipse.osgi.internal.loader.BundleLoader.findLocalClass(BundleLoader.java:345)
	at org.eclipse.osgi.internal.loader.BundleLoader.findClassInternal(BundleLoader.java:423)
	at org.eclipse.osgi.internal.loader.BundleLoader.findClass(BundleLoader.java:372)
	at org.eclipse.osgi.internal.loader.BundleLoader.findClass(BundleLoader.java:364)
	at org.eclipse.osgi.internal.loader.ModuleClassLoader.loadClass(ModuleClassLoader.java:161)
	at java.lang.ClassLoader.loadClass(ClassLoader.java:357)
	at org.eclipse.egit.ui.internal.ConfigurationChecker$1.run(ConfigurationChecker.java:45)
	at org.eclipse.core.internal.jobs.Worker.run(Worker.java:55)

!ENTRY org.eclipse.core.net 1 0 2017-11-29 11:42:43.461
!MESSAGE System property http.nonProxyHosts has been set to local|*.local|169.254/16|*.169.254/16 by an external source. This value will be overwritten using the values from the preferences

!ENTRY org.eclipse.equinox.p2.metadata.repository 4 1000 2017-11-29 12:05:28.479
!MESSAGE No repository found at http://testng.org/doc/download.html.
