<?xml version="1.0" encoding="UTF-8"?>
<testng-results skipped="0" failed="0" ignored="0" total="1" passed="1">
  <reporter-output>
  </reporter-output>
  <suite name="Default suite" duration-ms="4288" started-at="2017-04-19T22:00:14Z" finished-at="2017-04-19T22:00:19Z">
    <groups>
    </groups>
    <test name="Default test" duration-ms="4288" started-at="2017-04-19T22:00:14Z" finished-at="2017-04-19T22:00:19Z">
      <class name="com.chrome.tests.calctest">
        <test-method status="PASS" signature="setUp()[pri:0, instance:com.chrome.tests.calctest@28d25987]" name="setUp" is-config="true" duration-ms="2165" started-at="2017-04-19T15:00:14Z" finished-at="2017-04-19T15:00:17Z">
          <reporter-output>
          </reporter-output>
        </test-method> <!-- setUp -->
        <test-method status="PASS" signature="testCalculator()[pri:0, instance:com.chrome.tests.calctest@28d25987]" name="testCalculator" duration-ms="1743" started-at="2017-04-19T15:00:17Z" finished-at="2017-04-19T15:00:18Z">
          <reporter-output>
          </reporter-output>
        </test-method> <!-- testCalculator -->
        <test-method status="PASS" signature="tearDown()[pri:0, instance:com.chrome.tests.calctest@28d25987]" name="tearDown" is-config="true" duration-ms="335" started-at="2017-04-19T15:00:18Z" finished-at="2017-04-19T15:00:19Z">
          <reporter-output>
          </reporter-output>
        </test-method> <!-- tearDown -->
      </class> <!-- com.chrome.tests.calctest -->
    </test> <!-- Default test -->
  </suite> <!-- Default suite -->
</testng-results>
